<?xml version="1.0" encoding="UTF-8"?>
<coverage generated="1783274656100" clover="3.2.0">
  <project timestamp="1783274656100" name="All files">
    <metrics statements="256" coveredstatements="252" conditionals="188" coveredconditionals="162" methods="92" coveredmethods="89" elements="536" coveredelements="503" complexity="0" loc="256" ncloc="256" packages="3" files="13" classes="13"/>
    <package name="src">
      <metrics statements="79" coveredstatements="77" conditionals="53" coveredconditionals="46" methods="23" coveredmethods="22"/>
      <file name="App.tsx" path="/Users/mattbrauner/Documents/Repos/elevator-sim/frontend/src/App.tsx">
        <metrics statements="23" coveredstatements="22" conditionals="15" coveredconditionals="14" methods="5" coveredmethods="4"/>
        <line num="13" count="8" type="stmt"/>
        <line num="14" count="8" type="stmt"/>
        <line num="15" count="8" type="stmt"/>
        <line num="16" count="8" type="cond" truecount="2" falsecount="0"/>
        <line num="18" count="8" type="stmt"/>
        <line num="19" count="8" type="stmt"/>
        <line num="21" count="8" type="cond" truecount="2" falsecount="0"/>
        <line num="22" count="8" type="cond" truecount="2" falsecount="0"/>
        <line num="24" count="8" type="stmt"/>
        <line num="33" count="8" type="stmt"/>
        <line num="34" count="4" type="stmt"/>
        <line num="35" count="4" type="stmt"/>
        <line num="36" count="4" type="stmt"/>
        <line num="37" count="4" type="stmt"/>
        <line num="38" count="4" type="stmt"/>
        <line num="39" count="4" type="stmt"/>
        <line num="40" count="4" type="stmt"/>
        <line num="41" count="4" type="stmt"/>
        <line num="43" count="2" type="cond" truecount="1" falsecount="1"/>
        <line num="46" count="4" type="stmt"/>
        <line num="47" count="0" type="stmt"/>
        <line num="49" count="4" type="stmt"/>
        <line num="52" count="8" type="stmt"/>
      </file>
      <file name="simulation.ts" path="/Users/mattbrauner/Documents/Repos/elevator-sim/frontend/src/simulation.ts">
        <metrics statements="55" coveredstatements="54" conditionals="38" coveredconditionals="32" methods="18" coveredmethods="18"/>
        <line num="4" count="12" type="cond" truecount="2" falsecount="0"/>
        <line num="5" count="4" type="stmt"/>
        <line num="8" count="8" type="stmt"/>
        <line num="16" count="10" type="stmt"/>
        <line num="17" count="17" type="stmt"/>
        <line num="31" count="10" type="stmt"/>
        <line num="33" count="10" type="stmt"/>
        <line num="34" count="39" type="cond" truecount="1" falsecount="1"/>
        <line num="35" count="40" type="stmt"/>
        <line num="36" count="40" type="cond" truecount="1" falsecount="1"/>
        <line num="38" count="40" type="stmt"/>
        <line num="39" count="40" type="cond" truecount="4" falsecount="0"/>
        <line num="40" count="12" type="stmt"/>
        <line num="45" count="10" type="stmt"/>
        <line num="46" count="17" type="stmt"/>
        <line num="47" count="17" type="cond" truecount="2" falsecount="0"/>
        <line num="48" count="16" type="stmt"/>
        <line num="50" count="17" type="cond" truecount="2" falsecount="0"/>
        <line num="51" count="12" type="stmt"/>
        <line num="53" count="17" type="cond" truecount="2" falsecount="0"/>
        <line num="54" count="16" type="stmt"/>
        <line num="58" count="10" type="stmt"/>
        <line num="62" count="8" type="stmt"/>
        <line num="63" count="8" type="stmt"/>
        <line num="65" count="8" type="stmt"/>
        <line num="66" count="29" type="cond" truecount="1" falsecount="1"/>
        <line num="67" count="29" type="stmt"/>
        <line num="68" count="29" type="stmt"/>
        <line num="71" count="8" type="stmt"/>
        <line num="75" count="4" type="stmt"/>
        <line num="76" count="4" type="cond" truecount="1" falsecount="1"/>
        <line num="77" count="0" type="stmt"/>
        <line num="79" count="4" type="cond" truecount="1" falsecount="1"/>
        <line num="80" count="4" type="stmt"/>
        <line num="81" count="4" type="stmt"/>
        <line num="82" count="4" type="cond" truecount="1" falsecount="1"/>
        <line num="83" count="4" type="stmt"/>
        <line num="84" count="4" type="stmt"/>
        <line num="85" count="6" type="cond" truecount="2" falsecount="0"/>
        <line num="86" count="3" type="stmt"/>
        <line num="87" count="3" type="stmt"/>
        <line num="88" count="4" type="stmt"/>
        <line num="89" count="6" type="cond" truecount="2" falsecount="0"/>
        <line num="90" count="2" type="stmt"/>
        <line num="91" count="2" type="stmt"/>
        <line num="93" count="4" type="stmt"/>
        <line num="105" count="8" type="cond" truecount="2" falsecount="0"/>
        <line num="106" count="3" type="stmt"/>
        <line num="107" count="3" type="stmt"/>
        <line num="108" count="5" type="stmt"/>
        <line num="109" count="3" type="stmt"/>
        <line num="113" count="9" type="stmt"/>
        <line num="117" count="12" type="cond" truecount="4" falsecount="0"/>
        <line num="118" count="10" type="stmt"/>
        <line num="120" count="10" type="stmt"/>
      </file>
      <file name="theme.ts" path="/Users/mattbrauner/Documents/Repos/elevator-sim/frontend/src/theme.ts">
        <metrics statements="1" coveredstatements="1" conditionals="0" coveredconditionals="0" methods="0" coveredmethods="0"/>
        <line num="3" count="1" type="stmt"/>
      </file>
      <file name="types.ts" path="/Users/mattbrauner/Documents/Repos/elevator-sim/frontend/src/types.ts">
        <metrics statements="0" coveredstatements="0" conditionals="0" coveredconditionals="0" methods="0" coveredmethods="0"/>
      </file>
    </package>
    <package name="src.components">
      <metrics statements="85" coveredstatements="83" conditionals="101" coveredconditionals="85" methods="38" coveredmethods="37"/>
      <file name="Building.tsx" path="/Users/mattbrauner/Documents/Repos/elevator-sim/frontend/src/components/Building.tsx">
        <metrics statements="22" coveredstatements="22" conditionals="20" coveredconditionals="14" methods="14" coveredmethods="14"/>
        <line num="13" count="8" type="cond" truecount="1" falsecount="1"/>
        <line num="14" count="8" type="stmt"/>
        <line num="15" count="8" type="stmt"/>
        <line num="16" count="7" type="cond" truecount="1" falsecount="1"/>
        <line num="18" count="46" type="stmt"/>
        <line num="19" count="8" type="cond" truecount="1" falsecount="1"/>
        <line num="20" count="8" type="stmt"/>
        <line num="21" count="8" type="stmt"/>
        <line num="23" count="8" type="stmt"/>
        <line num="46" count="46" type="stmt"/>
        <line num="74" count="46" type="cond" truecount="2" falsecount="0"/>
        <line num="79" count="46" type="stmt"/>
        <line num="102" count="8" type="stmt"/>
        <line num="107" count="7" type="cond" truecount="2" falsecount="0"/>
        <line num="108" count="2" type="stmt"/>
        <line num="109" count="2" type="stmt"/>
        <line num="129" count="48" type="stmt"/>
        <line num="131" count="48" type="stmt"/>
        <line num="141" count="7" type="stmt"/>
        <line num="142" count="7" type="stmt"/>
        <line num="143" count="7" type="stmt"/>
        <line num="145" count="7" type="stmt"/>
      </file>
      <file name="ElevatorCar.tsx" path="/Users/mattbrauner/Documents/Repos/elevator-sim/frontend/src/components/ElevatorCar.tsx">
        <metrics statements="17" coveredstatements="17" conditionals="24" coveredconditionals="22" methods="7" coveredmethods="7"/>
        <line num="23" count="12" type="stmt"/>
        <line num="24" count="12" type="stmt"/>
        <line num="26" count="12" type="stmt"/>
        <line num="74" count="24" type="stmt"/>
        <line num="87" count="12" type="stmt"/>
        <line num="102" count="12" type="stmt"/>
        <line num="103" count="12" type="stmt"/>
        <line num="104" count="12" type="stmt"/>
        <line num="105" count="12" type="cond" truecount="2" falsecount="0"/>
        <line num="107" count="12" type="stmt"/>
        <line num="121" count="3" type="stmt"/>
        <line num="122" count="3" type="stmt"/>
        <line num="123" count="3" type="stmt"/>
        <line num="125" count="3" type="stmt"/>
        <line num="151" count="12" type="cond" truecount="4" falsecount="0"/>
        <line num="152" count="10" type="stmt"/>
        <line num="155" count="2" type="stmt"/>
      </file>
      <file name="PassengerIcon.tsx" path="/Users/mattbrauner/Documents/Repos/elevator-sim/frontend/src/components/PassengerIcon.tsx">
        <metrics statements="14" coveredstatements="13" conditionals="19" coveredconditionals="16" methods="5" coveredmethods="5"/>
        <line num="7" count="3" type="stmt"/>
        <line num="18" count="3" type="stmt"/>
        <line num="30" count="17" type="cond" truecount="2" falsecount="0"/>
        <line num="34" count="17" type="cond" truecount="2" falsecount="0"/>
        <line num="42" count="10" type="cond" truecount="1" falsecount="1"/>
        <line num="43" count="0" type="stmt"/>
        <line num="45" count="10" type="cond" truecount="2" falsecount="0"/>
        <line num="46" count="10" type="stmt"/>
        <line num="51" count="3" type="stmt"/>
        <line num="60" count="17" type="cond" truecount="1" falsecount="1"/>
        <line num="61" count="17" type="cond" truecount="1" falsecount="1"/>
        <line num="63" count="17" type="stmt"/>
        <line num="69" count="17" type="stmt"/>
        <line num="87" count="3" type="stmt"/>
      </file>
      <file name="ProgressChart.tsx" path="/Users/mattbrauner/Documents/Repos/elevator-sim/frontend/src/components/ProgressChart.tsx">
        <metrics statements="10" coveredstatements="10" conditionals="16" coveredconditionals="13" methods="4" coveredmethods="4"/>
        <line num="11" count="6" type="stmt"/>
        <line num="12" count="6" type="stmt"/>
        <line num="13" count="6" type="stmt"/>
        <line num="14" count="7" type="stmt"/>
        <line num="15" count="1" type="stmt"/>
        <line num="16" count="6" type="stmt"/>
        <line num="17" count="6" type="cond" truecount="2" falsecount="0"/>
        <line num="18" count="6" type="cond" truecount="1" falsecount="1"/>
        <line num="20" count="6" type="stmt"/>
        <line num="29" count="6" type="stmt"/>
      </file>
      <file name="SimulationToolbar.tsx" path="/Users/mattbrauner/Documents/Repos/elevator-sim/frontend/src/components/SimulationToolbar.tsx">
        <metrics statements="18" coveredstatements="17" conditionals="20" coveredconditionals="18" methods="6" coveredmethods="5"/>
        <line num="43" count="14" type="stmt"/>
        <line num="45" count="14" type="stmt"/>
        <line num="46" count="5" type="stmt"/>
        <line num="47" count="5" type="cond" truecount="1" falsecount="1"/>
        <line num="48" count="5" type="stmt"/>
        <line num="50" count="14" type="stmt"/>
        <line num="51" count="14" type="cond" truecount="3" falsecount="0"/>
        <line num="52" count="14" type="cond" truecount="3" falsecount="0"/>
        <line num="53" count="14" type="cond" truecount="2" falsecount="0"/>
        <line num="54" count="14" type="cond" truecount="2" falsecount="0"/>
        <line num="55" count="14" type="cond" truecount="2" falsecount="0"/>
        <line num="57" count="14" type="stmt"/>
        <line num="76" count="0" type="stmt"/>
        <line num="94" count="1" type="stmt"/>
        <line num="103" count="1" type="stmt"/>
        <line num="137" count="98" type="cond" truecount="2" falsecount="0"/>
        <line num="138" count="60" type="stmt"/>
        <line num="141" count="38" type="stmt"/>
      </file>
      <file name="StatsPanel.tsx" path="/Users/mattbrauner/Documents/Repos/elevator-sim/frontend/src/components/StatsPanel.tsx">
        <metrics statements="4" coveredstatements="4" conditionals="2" coveredconditionals="2" methods="2" coveredmethods="2"/>
        <line num="11" count="2" type="stmt"/>
        <line num="23" count="4" type="stmt"/>
        <line num="33" count="4" type="stmt"/>
        <line num="46" count="28" type="stmt"/>
      </file>
    </package>
    <package name="src.hooks">
      <metrics statements="92" coveredstatements="92" conditionals="34" coveredconditionals="31" methods="31" coveredmethods="30"/>
      <file name="useEnterExitTransition.ts" path="/Users/mattbrauner/Documents/Repos/elevator-sim/frontend/src/hooks/useEnterExitTransition.ts">
        <metrics statements="34" coveredstatements="34" conditionals="4" coveredconditionals="4" methods="10" coveredmethods="10"/>
        <line num="13" count="3" type="stmt"/>
        <line num="22" count="60" type="stmt"/>
        <line num="23" count="60" type="stmt"/>
        <line num="24" count="60" type="stmt"/>
        <line num="25" count="60" type="stmt"/>
        <line num="26" count="60" type="stmt"/>
        <line num="27" count="60" type="stmt"/>
        <line num="28" count="60" type="stmt"/>
        <line num="29" count="60" type="stmt"/>
        <line num="31" count="60" type="stmt"/>
        <line num="32" count="58" type="stmt"/>
        <line num="33" count="58" type="stmt"/>
        <line num="34" count="58" type="stmt"/>
        <line num="35" count="58" type="stmt"/>
        <line num="36" count="58" type="stmt"/>
        <line num="37" count="58" type="stmt"/>
        <line num="39" count="58" type="cond" truecount="4" falsecount="0"/>
        <line num="40" count="57" type="stmt"/>
        <line num="41" count="57" type="stmt"/>
        <line num="42" count="57" type="stmt"/>
        <line num="45" count="1" type="stmt"/>
        <line num="46" count="1" type="stmt"/>
        <line num="47" count="1" type="stmt"/>
        <line num="48" count="1" type="stmt"/>
        <line num="49" count="1" type="stmt"/>
        <line num="51" count="1" type="stmt"/>
        <line num="52" count="1" type="stmt"/>
        <line num="53" count="1" type="stmt"/>
        <line num="54" count="1" type="stmt"/>
        <line num="55" count="1" type="stmt"/>
        <line num="56" count="1" type="stmt"/>
        <line num="57" count="1" type="stmt"/>
        <line num="60" count="1" type="stmt"/>
        <line num="63" count="60" type="stmt"/>
      </file>
      <file name="useKeyboardControls.ts" path="/Users/mattbrauner/Documents/Repos/elevator-sim/frontend/src/hooks/useKeyboardControls.ts">
        <metrics statements="22" coveredstatements="22" conditionals="20" coveredconditionals="17" methods="5" coveredmethods="5"/>
        <line num="29" count="13" type="stmt"/>
        <line num="30" count="11" type="cond" truecount="2" falsecount="0"/>
        <line num="32" count="6" type="stmt"/>
        <line num="33" count="7" type="cond" truecount="2" falsecount="0"/>
        <line num="35" count="6" type="cond" truecount="2" falsecount="0"/>
        <line num="36" count="2" type="stmt"/>
        <line num="37" count="2" type="cond" truecount="2" falsecount="0"/>
        <line num="38" count="1" type="stmt"/>
        <line num="39" count="2" type="stmt"/>
        <line num="42" count="4" type="cond" truecount="2" falsecount="0"/>
        <line num="43" count="2" type="stmt"/>
        <line num="44" count="2" type="cond" truecount="2" falsecount="0"/>
        <line num="45" count="1" type="stmt"/>
        <line num="46" count="2" type="stmt"/>
        <line num="49" count="2" type="cond" truecount="2" falsecount="0"/>
        <line num="50" count="1" type="stmt"/>
        <line num="51" count="1" type="stmt"/>
        <line num="55" count="6" type="stmt"/>
        <line num="56" count="6" type="stmt"/>
        <line num="61" count="7" type="cond" truecount="2" falsecount="0"/>
        <line num="62" count="1" type="stmt"/>
        <line num="63" count="1" type="cond" truecount="1" falsecount="3"/>
      </file>
      <file name="usePlayback.ts" path="/Users/mattbrauner/Documents/Repos/elevator-sim/frontend/src/hooks/usePlayback.ts">
        <metrics statements="36" coveredstatements="36" conditionals="10" coveredconditionals="10" methods="16" coveredmethods="15"/>
        <line num="25" count="37" type="stmt"/>
        <line num="26" count="37" type="stmt"/>
        <line num="27" count="37" type="stmt"/>
        <line num="29" count="37" type="stmt"/>
        <line num="30" count="24" type="stmt"/>
        <line num="33" count="37" type="stmt"/>
        <line num="34" count="37" type="stmt"/>
        <line num="36" count="37" type="stmt"/>
        <line num="37" count="1" type="stmt"/>
        <line num="38" count="1" type="stmt"/>
        <line num="41" count="37" type="stmt"/>
        <line num="42" count="2" type="stmt"/>
        <line num="43" count="2" type="stmt"/>
        <line num="46" count="37" type="stmt"/>
        <line num="47" count="3" type="stmt"/>
        <line num="48" count="3" type="stmt"/>
        <line num="51" count="37" type="stmt"/>
        <line num="52" count="2" type="stmt"/>
        <line num="53" count="2" type="stmt"/>
        <line num="56" count="37" type="stmt"/>
        <line num="57" count="3" type="stmt"/>
        <line num="58" count="3" type="cond" truecount="2" falsecount="0"/>
        <line num="59" count="2" type="cond" truecount="2" falsecount="0"/>
        <line num="63" count="37" type="stmt"/>
        <line num="64" count="3" type="stmt"/>
        <line num="65" count="3" type="stmt"/>
        <line num="68" count="37" type="stmt"/>
        <line num="69" count="25" type="cond" truecount="4" falsecount="0"/>
        <line num="74" count="5" type="stmt"/>
        <line num="75" count="6" type="stmt"/>
        <line num="76" count="6" type="stmt"/>
        <line num="77" count="6" type="stmt"/>
        <line num="78" count="6" type="cond" truecount="2" falsecount="0"/>
        <line num="79" count="1" type="stmt"/>
        <line num="83" count="5" type="stmt"/>
        <line num="86" count="37" type="stmt"/>
      </file>
    </package>
  </project>
</coverage>
