{"/Users/mattbrauner/Documents/Repos/elevator-sim/frontend/src/App.tsx": {"path":"/Users/mattbrauner/Documents/Repos/elevator-sim/frontend/src/App.tsx","statementMap":{"0":{"start":{"line":13,"column":14},"end":{"line":13,"column":null}},"1":{"start":{"line":14,"column":25},"end":{"line":14,"column":null}},"2":{"start":{"line":15,"column":20},"end":{"line":15,"column":null}},"3":{"start":{"line":16,"column":19},"end":{"line":16,"column":null}},"4":{"start":{"line":18,"column":8},"end":{"line":18,"column":null}},"5":{"start":{"line":19,"column":108},"end":{"line":19,"column":null}},"6":{"start":{"line":21,"column":16},"end":{"line":21,"column":null}},"7":{"start":{"line":22,"column":8},"end":{"line":22,"column":null}},"8":{"start":{"line":22,"column":31},"end":{"line":22,"column":66}},"9":{"start":{"line":24,"column":2},"end":{"line":31,"column":null}},"10":{"start":{"line":33,"column":8},"end":{"line":50,"column":null}},"11":{"start":{"line":34,"column":19},"end":{"line":34,"column":null}},"12":{"start":{"line":35,"column":4},"end":{"line":45,"column":null}},"13":{"start":{"line":36,"column":6},"end":{"line":44,"column":null}},"14":{"start":{"line":37,"column":14},"end":{"line":37,"column":null}},"15":{"start":{"line":38,"column":8},"end":{"line":38,"column":null}},"16":{"start":{"line":39,"column":8},"end":{"line":39,"column":null}},"17":{"start":{"line":40,"column":8},"end":{"line":40,"column":null}},"18":{"start":{"line":41,"column":8},"end":{"line":41,"column":null}},"19":{"start":{"line":43,"column":8},"end":{"line":43,"column":null}},"20":{"start":{"line":46,"column":4},"end":{"line":48,"column":null}},"21":{"start":{"line":47,"column":6},"end":{"line":47,"column":null}},"22":{"start":{"line":49,"column":4},"end":{"line":49,"column":null}},"23":{"start":{"line":52,"column":2},"end":{"line":113,"column":null}}},"fnMap":{"0":{"name":"App","decl":{"start":{"line":12,"column":24},"end":{"line":12,"column":30}},"loc":{"start":{"line":12,"column":30},"end":{"line":115,"column":null}},"line":12},"1":{"name":"(anonymous_1)","decl":{"start":{"line":22,"column":16},"end":{"line":22,"column":31}},"loc":{"start":{"line":22,"column":31},"end":{"line":22,"column":66}},"line":22},"2":{"name":"(anonymous_2)","decl":{"start":{"line":33,"column":8},"end":{"line":33,"column":26}},"loc":{"start":{"line":33,"column":41},"end":{"line":50,"column":null}},"line":33},"3":{"name":"(anonymous_3)","decl":{"start":{"line":35,"column":11},"end":{"line":35,"column":26}},"loc":{"start":{"line":35,"column":26},"end":{"line":45,"column":null}},"line":35},"4":{"name":"(anonymous_4)","decl":{"start":{"line":46,"column":11},"end":{"line":46,"column":27}},"loc":{"start":{"line":46,"column":27},"end":{"line":48,"column":null}},"line":46}},"branchMap":{"0":{"loc":{"start":{"line":16,"column":19},"end":{"line":16,"column":null}},"type":"cond-expr","locations":[{"start":{"line":16,"column":25},"end":{"line":16,"column":49}},{"start":{"line":16,"column":49},"end":{"line":16,"column":null}}],"line":16},"1":{"loc":{"start":{"line":21,"column":16},"end":{"line":21,"column":null}},"type":"binary-expr","locations":[{"start":{"line":21,"column":16},"end":{"line":21,"column":37}},{"start":{"line":21,"column":37},"end":{"line":21,"column":null}}],"line":21},"2":{"loc":{"start":{"line":22,"column":31},"end":{"line":22,"column":66}},"type":"cond-expr","locations":[{"start":{"line":22,"column":31},"end":{"line":22,"column":59}},{"start":{"line":22,"column":59},"end":{"line":22,"column":66}}],"line":22},"3":{"loc":{"start":{"line":43,"column":21},"end":{"line":43,"column":95}},"type":"cond-expr","locations":[{"start":{"line":43,"column":46},"end":{"line":43,"column":62}},{"start":{"line":43,"column":62},"end":{"line":43,"column":95}}],"line":43},"4":{"loc":{"start":{"line":71,"column":11},"end":{"line":71,"column":null}},"type":"binary-expr","locations":[{"start":{"line":71,"column":11},"end":{"line":71,"column":24}},{"start":{"line":71,"column":24},"end":{"line":71,"column":null}}],"line":71},"5":{"loc":{"start":{"line":73,"column":11},"end":{"line":109,"column":null}},"type":"cond-expr","locations":[{"start":{"line":74,"column":12},"end":{"line":90,"column":13}},{"start":{"line":90,"column":12},"end":{"line":109,"column":null}}],"line":73},"6":{"loc":{"start":{"line":73,"column":11},"end":{"line":73,"column":null}},"type":"binary-expr","locations":[{"start":{"line":73,"column":11},"end":{"line":73,"column":18}},{"start":{"line":73,"column":18},"end":{"line":73,"column":27}},{"start":{"line":73,"column":27},"end":{"line":73,"column":null}}],"line":73}},"s":{"0":8,"1":8,"2":8,"3":8,"4":8,"5":8,"6":8,"7":8,"8":6,"9":8,"10":8,"11":4,"12":4,"13":4,"14":4,"15":4,"16":4,"17":4,"18":4,"19":2,"20":4,"21":0,"22":4,"23":8},"f":{"0":8,"1":6,"2":4,"3":4,"4":0},"b":{"0":[3,5],"1":[8,5],"2":[2,4],"3":[2,0],"4":[8,2],"5":[3,5],"6":[8,3,3]},"meta":{"lastBranch":7,"lastFunction":5,"lastStatement":24,"seen":{"f:12:24:12:30":0,"s:13:14:13:Infinity":0,"s:14:25:14:Infinity":1,"s:15:20:15:Infinity":2,"s:16:19:16:Infinity":3,"b:16:25:16:49:16:49:16:Infinity":0,"s:18:8:18:Infinity":4,"s:19:108:19:Infinity":5,"s:21:16:21:Infinity":6,"b:21:16:21:37:21:37:21:Infinity":1,"s:22:8:22:Infinity":7,"f:22:16:22:31":1,"s:22:31:22:66":8,"b:22:31:22:59:22:59:22:66":2,"s:24:2:31:Infinity":9,"s:33:8:50:Infinity":10,"f:33:8:33:26":2,"s:34:19:34:Infinity":11,"s:35:4:45:Infinity":12,"f:35:11:35:26":3,"s:36:6:44:Infinity":13,"s:37:14:37:Infinity":14,"s:38:8:38:Infinity":15,"s:39:8:39:Infinity":16,"s:40:8:40:Infinity":17,"s:41:8:41:Infinity":18,"s:43:8:43:Infinity":19,"b:43:46:43:62:43:62:43:95":3,"s:46:4:48:Infinity":20,"f:46:11:46:27":4,"s:47:6:47:Infinity":21,"s:49:4:49:Infinity":22,"s:52:2:113:Infinity":23,"b:71:11:71:24:71:24:71:Infinity":4,"b:74:12:90:13:90:12:109:Infinity":5,"b:73:11:73:18:73:18:73:27:73:27:73:Infinity":6},"fnNames":{}}}
,"/Users/mattbrauner/Documents/Repos/elevator-sim/frontend/src/simulation.ts": {"path":"/Users/mattbrauner/Documents/Repos/elevator-sim/frontend/src/simulation.ts","statementMap":{"0":{"start":{"line":4,"column":2},"end":{"line":6,"column":null}},"1":{"start":{"line":5,"column":4},"end":{"line":5,"column":null}},"2":{"start":{"line":8,"column":2},"end":{"line":12,"column":null}},"3":{"start":{"line":16,"column":31},"end":{"line":30,"column":null}},"4":{"start":{"line":17,"column":38},"end":{"line":29,"column":5}},"5":{"start":{"line":31,"column":43},"end":{"line":31,"column":null}},"6":{"start":{"line":33,"column":2},"end":{"line":43,"column":null}},"7":{"start":{"line":34,"column":4},"end":{"line":42,"column":null}},"8":{"start":{"line":35,"column":22},"end":{"line":35,"column":null}},"9":{"start":{"line":36,"column":6},"end":{"line":36,"column":null}},"10":{"start":{"line":36,"column":20},"end":{"line":36,"column":null}},"11":{"start":{"line":38,"column":6},"end":{"line":38,"column":null}},"12":{"start":{"line":39,"column":6},"end":{"line":41,"column":null}},"13":{"start":{"line":40,"column":8},"end":{"line":40,"column":null}},"14":{"start":{"line":45,"column":2},"end":{"line":56,"column":null}},"15":{"start":{"line":46,"column":25},"end":{"line":46,"column":null}},"16":{"start":{"line":47,"column":4},"end":{"line":49,"column":null}},"17":{"start":{"line":48,"column":6},"end":{"line":48,"column":null}},"18":{"start":{"line":50,"column":4},"end":{"line":52,"column":null}},"19":{"start":{"line":51,"column":6},"end":{"line":51,"column":null}},"20":{"start":{"line":53,"column":4},"end":{"line":55,"column":null}},"21":{"start":{"line":54,"column":6},"end":{"line":54,"column":null}},"22":{"start":{"line":58,"column":2},"end":{"line":58,"column":null}},"23":{"start":{"line":62,"column":26},"end":{"line":62,"column":null}},"24":{"start":{"line":63,"column":13},"end":{"line":63,"column":null}},"25":{"start":{"line":65,"column":2},"end":{"line":69,"column":null}},"26":{"start":{"line":66,"column":10},"end":{"line":66,"column":null}},"27":{"start":{"line":66,"column":67},"end":{"line":66,"column":97}},"28":{"start":{"line":67,"column":4},"end":{"line":67,"column":null}},"29":{"start":{"line":68,"column":4},"end":{"line":68,"column":null}},"30":{"start":{"line":71,"column":2},"end":{"line":71,"column":null}},"31":{"start":{"line":75,"column":16},"end":{"line":75,"column":null}},"32":{"start":{"line":76,"column":2},"end":{"line":78,"column":null}},"33":{"start":{"line":77,"column":4},"end":{"line":77,"column":null}},"34":{"start":{"line":79,"column":27},"end":{"line":79,"column":null}},"35":{"start":{"line":80,"column":18},"end":{"line":80,"column":null}},"36":{"start":{"line":80,"column":57},"end":{"line":80,"column":87}},"37":{"start":{"line":81,"column":17},"end":{"line":81,"column":null}},"38":{"start":{"line":81,"column":56},"end":{"line":81,"column":85}},"39":{"start":{"line":82,"column":20},"end":{"line":82,"column":null}},"40":{"start":{"line":83,"column":19},"end":{"line":83,"column":null}},"41":{"start":{"line":84,"column":23},"end":{"line":87,"column":null}},"42":{"start":{"line":85,"column":25},"end":{"line":85,"column":85}},"43":{"start":{"line":86,"column":22},"end":{"line":86,"column":38}},"44":{"start":{"line":87,"column":40},"end":{"line":87,"column":54}},"45":{"start":{"line":88,"column":26},"end":{"line":91,"column":null}},"46":{"start":{"line":89,"column":25},"end":{"line":89,"column":91}},"47":{"start":{"line":90,"column":22},"end":{"line":90,"column":39}},"48":{"start":{"line":91,"column":40},"end":{"line":91,"column":54}},"49":{"start":{"line":93,"column":2},"end":{"line":101,"column":null}},"50":{"start":{"line":105,"column":2},"end":{"line":105,"column":null}},"51":{"start":{"line":105,"column":27},"end":{"line":105,"column":null}},"52":{"start":{"line":106,"column":14},"end":{"line":106,"column":null}},"53":{"start":{"line":107,"column":14},"end":{"line":107,"column":null}},"54":{"start":{"line":108,"column":14},"end":{"line":108,"column":null}},"55":{"start":{"line":108,"column":44},"end":{"line":108,"column":57}},"56":{"start":{"line":109,"column":2},"end":{"line":109,"column":null}},"57":{"start":{"line":113,"column":2},"end":{"line":113,"column":null}},"58":{"start":{"line":117,"column":2},"end":{"line":117,"column":null}},"59":{"start":{"line":117,"column":43},"end":{"line":117,"column":null}},"60":{"start":{"line":118,"column":20},"end":{"line":118,"column":null}},"61":{"start":{"line":120,"column":2},"end":{"line":124,"column":null}}},"fnMap":{"0":{"name":"parseSimulation","decl":{"start":{"line":3,"column":16},"end":{"line":3,"column":32}},"loc":{"start":{"line":3,"column":66},"end":{"line":13,"column":null}},"line":3},"1":{"name":"buildJourneys","decl":{"start":{"line":15,"column":16},"end":{"line":15,"column":30}},"loc":{"start":{"line":15,"column":59},"end":{"line":59,"column":null}},"line":15},"2":{"name":"(anonymous_2)","decl":{"start":{"line":17,"column":19},"end":{"line":17,"column":24}},"loc":{"start":{"line":17,"column":38},"end":{"line":29,"column":5}},"line":17},"3":{"name":"buildPeakQueueByTick","decl":{"start":{"line":61,"column":16},"end":{"line":61,"column":37}},"loc":{"start":{"line":61,"column":64},"end":{"line":72,"column":null}},"line":61},"4":{"name":"(anonymous_4)","decl":{"start":{"line":66,"column":45},"end":{"line":66,"column":53}},"loc":{"start":{"line":66,"column":67},"end":{"line":66,"column":97}},"line":66},"5":{"name":"getStats","decl":{"start":{"line":74,"column":16},"end":{"line":74,"column":25}},"loc":{"start":{"line":74,"column":69},"end":{"line":102,"column":null}},"line":74},"6":{"name":"(anonymous_6)","decl":{"start":{"line":80,"column":35},"end":{"line":80,"column":43}},"loc":{"start":{"line":80,"column":57},"end":{"line":80,"column":87}},"line":80},"7":{"name":"(anonymous_7)","decl":{"start":{"line":81,"column":34},"end":{"line":81,"column":42}},"loc":{"start":{"line":81,"column":56},"end":{"line":81,"column":85}},"line":81},"8":{"name":"(anonymous_8)","decl":{"start":{"line":85,"column":5},"end":{"line":85,"column":13}},"loc":{"start":{"line":85,"column":25},"end":{"line":85,"column":85}},"line":85},"9":{"name":"(anonymous_9)","decl":{"start":{"line":86,"column":5},"end":{"line":86,"column":10}},"loc":{"start":{"line":86,"column":22},"end":{"line":86,"column":38}},"line":86},"10":{"name":"(anonymous_10)","decl":{"start":{"line":87,"column":5},"end":{"line":87,"column":13}},"loc":{"start":{"line":87,"column":40},"end":{"line":87,"column":54}},"line":87},"11":{"name":"(anonymous_11)","decl":{"start":{"line":89,"column":5},"end":{"line":89,"column":13}},"loc":{"start":{"line":89,"column":25},"end":{"line":89,"column":91}},"line":89},"12":{"name":"(anonymous_12)","decl":{"start":{"line":90,"column":5},"end":{"line":90,"column":10}},"loc":{"start":{"line":90,"column":22},"end":{"line":90,"column":39}},"line":90},"13":{"name":"(anonymous_13)","decl":{"start":{"line":91,"column":5},"end":{"line":91,"column":13}},"loc":{"start":{"line":91,"column":40},"end":{"line":91,"column":54}},"line":91},"14":{"name":"summarize","decl":{"start":{"line":104,"column":9},"end":{"line":104,"column":19}},"loc":{"start":{"line":104,"column":45},"end":{"line":110,"column":null}},"line":104},"15":{"name":"(anonymous_15)","decl":{"start":{"line":108,"column":21},"end":{"line":108,"column":29}},"loc":{"start":{"line":108,"column":44},"end":{"line":108,"column":57}},"line":108},"16":{"name":"formatStat","decl":{"start":{"line":112,"column":9},"end":{"line":112,"column":20}},"loc":{"start":{"line":112,"column":43},"end":{"line":114,"column":null}},"line":112},"17":{"name":"isSimulationFile","decl":{"start":{"line":116,"column":9},"end":{"line":116,"column":26}},"loc":{"start":{"line":116,"column":63},"end":{"line":126,"column":null}},"line":116}},"branchMap":{"0":{"loc":{"start":{"line":4,"column":2},"end":{"line":6,"column":null}},"type":"if","locations":[{"start":{"line":4,"column":2},"end":{"line":6,"column":null}},{"start":{},"end":{}}],"line":4},"1":{"loc":{"start":{"line":34,"column":28},"end":{"line":34,"column":52}},"type":"binary-expr","locations":[{"start":{"line":34,"column":28},"end":{"line":34,"column":48}},{"start":{"line":34,"column":48},"end":{"line":34,"column":52}}],"line":34},"2":{"loc":{"start":{"line":36,"column":6},"end":{"line":36,"column":null}},"type":"if","locations":[{"start":{"line":36,"column":6},"end":{"line":36,"column":null}},{"start":{},"end":{}}],"line":36},"3":{"loc":{"start":{"line":39,"column":6},"end":{"line":41,"column":null}},"type":"if","locations":[{"start":{"line":39,"column":6},"end":{"line":41,"column":null}},{"start":{},"end":{}}],"line":39},"4":{"loc":{"start":{"line":39,"column":10},"end":{"line":39,"column":71}},"type":"binary-expr","locations":[{"start":{"line":39,"column":10},"end":{"line":39,"column":43}},{"start":{"line":39,"column":43},"end":{"line":39,"column":71}}],"line":39},"5":{"loc":{"start":{"line":47,"column":4},"end":{"line":49,"column":null}},"type":"if","locations":[{"start":{"line":47,"column":4},"end":{"line":49,"column":null}},{"start":{},"end":{}}],"line":47},"6":{"loc":{"start":{"line":50,"column":4},"end":{"line":52,"column":null}},"type":"if","locations":[{"start":{"line":50,"column":4},"end":{"line":52,"column":null}},{"start":{},"end":{}}],"line":50},"7":{"loc":{"start":{"line":53,"column":4},"end":{"line":55,"column":null}},"type":"if","locations":[{"start":{"line":53,"column":4},"end":{"line":55,"column":null}},{"start":{},"end":{}}],"line":53},"8":{"loc":{"start":{"line":66,"column":21},"end":{"line":66,"column":43}},"type":"binary-expr","locations":[{"start":{"line":66,"column":21},"end":{"line":66,"column":41}},{"start":{"line":66,"column":41},"end":{"line":66,"column":43}}],"line":66},"9":{"loc":{"start":{"line":76,"column":2},"end":{"line":78,"column":null}},"type":"if","locations":[{"start":{"line":76,"column":2},"end":{"line":78,"column":null}},{"start":{},"end":{}}],"line":76},"10":{"loc":{"start":{"line":79,"column":27},"end":{"line":79,"column":null}},"type":"binary-expr","locations":[{"start":{"line":79,"column":27},"end":{"line":79,"column":47}},{"start":{"line":79,"column":47},"end":{"line":79,"column":null}}],"line":79},"11":{"loc":{"start":{"line":82,"column":20},"end":{"line":82,"column":null}},"type":"binary-expr","locations":[{"start":{"line":82,"column":20},"end":{"line":82,"column":49}},{"start":{"line":82,"column":49},"end":{"line":82,"column":null}}],"line":82},"12":{"loc":{"start":{"line":85,"column":25},"end":{"line":85,"column":85}},"type":"binary-expr","locations":[{"start":{"line":85,"column":25},"end":{"line":85,"column":55}},{"start":{"line":85,"column":55},"end":{"line":85,"column":85}}],"line":85},"13":{"loc":{"start":{"line":89,"column":25},"end":{"line":89,"column":91}},"type":"binary-expr","locations":[{"start":{"line":89,"column":25},"end":{"line":89,"column":58}},{"start":{"line":89,"column":58},"end":{"line":89,"column":91}}],"line":89},"14":{"loc":{"start":{"line":105,"column":2},"end":{"line":105,"column":null}},"type":"if","locations":[{"start":{"line":105,"column":2},"end":{"line":105,"column":null}},{"start":{},"end":{}}],"line":105},"15":{"loc":{"start":{"line":117,"column":2},"end":{"line":117,"column":null}},"type":"if","locations":[{"start":{"line":117,"column":2},"end":{"line":117,"column":null}},{"start":{},"end":{}}],"line":117},"16":{"loc":{"start":{"line":117,"column":6},"end":{"line":117,"column":43}},"type":"binary-expr","locations":[{"start":{"line":117,"column":6},"end":{"line":117,"column":16}},{"start":{"line":117,"column":16},"end":{"line":117,"column":43}}],"line":117},"17":{"loc":{"start":{"line":121,"column":4},"end":{"line":124,"column":null}},"type":"binary-expr","locations":[{"start":{"line":121,"column":4},"end":{"line":121,"column":null}},{"start":{"line":122,"column":4},"end":{"line":122,"column":null}},{"start":{"line":123,"column":4},"end":{"line":123,"column":null}},{"start":{"line":124,"column":4},"end":{"line":124,"column":null}}],"line":121}},"s":{"0":12,"1":4,"2":8,"3":10,"4":17,"5":10,"6":10,"7":39,"8":40,"9":40,"10":0,"11":40,"12":40,"13":12,"14":10,"15":17,"16":17,"17":16,"18":17,"19":12,"20":17,"21":16,"22":10,"23":8,"24":8,"25":8,"26":29,"27":28,"28":29,"29":29,"30":8,"31":4,"32":4,"33":0,"34":4,"35":4,"36":4,"37":4,"38":4,"39":4,"40":4,"41":4,"42":6,"43":3,"44":3,"45":4,"46":6,"47":2,"48":2,"49":4,"50":8,"51":5,"52":3,"53":3,"54":3,"55":5,"56":3,"57":9,"58":12,"59":2,"60":10,"61":10},"f":{"0":12,"1":10,"2":17,"3":8,"4":28,"5":4,"6":4,"7":4,"8":6,"9":3,"10":3,"11":6,"12":2,"13":2,"14":8,"15":5,"16":9,"17":12},"b":{"0":[4,8],"1":[39,0],"2":[0,40],"3":[12,28],"4":[40,14],"5":[16,1],"6":[12,5],"7":[16,1],"8":[29,0],"9":[0,4],"10":[4,0],"11":[4,0],"12":[6,4],"13":[6,6],"14":[5,3],"15":[2,10],"16":[12,11],"17":[10,10,8,8]},"meta":{"lastBranch":18,"lastFunction":18,"lastStatement":62,"seen":{"f:3:16:3:32":0,"b:4:2:6:Infinity:undefined:undefined:undefined:undefined":0,"s:4:2:6:Infinity":0,"s:5:4:5:Infinity":1,"s:8:2:12:Infinity":2,"f:15:16:15:30":1,"s:16:31:30:Infinity":3,"f:17:19:17:24":2,"s:17:38:29:5":4,"s:31:43:31:Infinity":5,"s:33:2:43:Infinity":6,"s:34:4:42:Infinity":7,"b:34:28:34:48:34:48:34:52":1,"s:35:22:35:Infinity":8,"b:36:6:36:Infinity:undefined:undefined:undefined:undefined":2,"s:36:6:36:Infinity":9,"s:36:20:36:Infinity":10,"s:38:6:38:Infinity":11,"b:39:6:41:Infinity:undefined:undefined:undefined:undefined":3,"s:39:6:41:Infinity":12,"b:39:10:39:43:39:43:39:71":4,"s:40:8:40:Infinity":13,"s:45:2:56:Infinity":14,"s:46:25:46:Infinity":15,"b:47:4:49:Infinity:undefined:undefined:undefined:undefined":5,"s:47:4:49:Infinity":16,"s:48:6:48:Infinity":17,"b:50:4:52:Infinity:undefined:undefined:undefined:undefined":6,"s:50:4:52:Infinity":18,"s:51:6:51:Infinity":19,"b:53:4:55:Infinity:undefined:undefined:undefined:undefined":7,"s:53:4:55:Infinity":20,"s:54:6:54:Infinity":21,"s:58:2:58:Infinity":22,"f:61:16:61:37":3,"s:62:26:62:Infinity":23,"s:63:13:63:Infinity":24,"s:65:2:69:Infinity":25,"s:66:10:66:Infinity":26,"b:66:21:66:41:66:41:66:43":8,"f:66:45:66:53":4,"s:66:67:66:97":27,"s:67:4:67:Infinity":28,"s:68:4:68:Infinity":29,"s:71:2:71:Infinity":30,"f:74:16:74:25":5,"s:75:16:75:Infinity":31,"b:76:2:78:Infinity:undefined:undefined:undefined:undefined":9,"s:76:2:78:Infinity":32,"s:77:4:77:Infinity":33,"s:79:27:79:Infinity":34,"b:79:27:79:47:79:47:79:Infinity":10,"s:80:18:80:Infinity":35,"f:80:35:80:43":6,"s:80:57:80:87":36,"s:81:17:81:Infinity":37,"f:81:34:81:42":7,"s:81:56:81:85":38,"s:82:20:82:Infinity":39,"b:82:20:82:49:82:49:82:Infinity":11,"s:83:19:83:Infinity":40,"s:84:23:87:Infinity":41,"f:85:5:85:13":8,"s:85:25:85:85":42,"b:85:25:85:55:85:55:85:85":12,"f:86:5:86:10":9,"s:86:22:86:38":43,"f:87:5:87:13":10,"s:87:40:87:54":44,"s:88:26:91:Infinity":45,"f:89:5:89:13":11,"s:89:25:89:91":46,"b:89:25:89:58:89:58:89:91":13,"f:90:5:90:10":12,"s:90:22:90:39":47,"f:91:5:91:13":13,"s:91:40:91:54":48,"s:93:2:101:Infinity":49,"f:104:9:104:19":14,"b:105:2:105:Infinity:undefined:undefined:undefined:undefined":14,"s:105:2:105:Infinity":50,"s:105:27:105:Infinity":51,"s:106:14:106:Infinity":52,"s:107:14:107:Infinity":53,"s:108:14:108:Infinity":54,"f:108:21:108:29":15,"s:108:44:108:57":55,"s:109:2:109:Infinity":56,"f:112:9:112:20":16,"s:113:2:113:Infinity":57,"f:116:9:116:26":17,"b:117:2:117:Infinity:undefined:undefined:undefined:undefined":15,"s:117:2:117:Infinity":58,"b:117:6:117:16:117:16:117:43":16,"s:117:43:117:Infinity":59,"s:118:20:118:Infinity":60,"s:120:2:124:Infinity":61,"b:121:4:121:Infinity:122:4:122:Infinity:123:4:123:Infinity:124:4:124:Infinity":17},"fnNames":{}}}
,"/Users/mattbrauner/Documents/Repos/elevator-sim/frontend/src/theme.ts": {"path":"/Users/mattbrauner/Documents/Repos/elevator-sim/frontend/src/theme.ts","statementMap":{"0":{"start":{"line":3,"column":13},"end":{"line":37,"column":null}}},"fnMap":{},"branchMap":{},"s":{"0":1},"f":{},"b":{},"meta":{"lastBranch":0,"lastFunction":0,"lastStatement":1,"seen":{"s:3:13:37:Infinity":0},"fnNames":{}}}
,"/Users/mattbrauner/Documents/Repos/elevator-sim/frontend/src/types.ts": {"path":"/Users/mattbrauner/Documents/Repos/elevator-sim/frontend/src/types.ts","statementMap":{},"fnMap":{},"branchMap":{},"s":{},"f":{},"b":{},"meta":{"lastBranch":0,"lastFunction":0,"lastStatement":0,"seen":{},"fnNames":{}}}
,"/Users/mattbrauner/Documents/Repos/elevator-sim/frontend/src/components/Building.tsx": {"path":"/Users/mattbrauner/Documents/Repos/elevator-sim/frontend/src/components/Building.tsx","statementMap":{"0":{"start":{"line":13,"column":21},"end":{"line":13,"column":null}},"1":{"start":{"line":13,"column":73},"end":{"line":13,"column":98}},"2":{"start":{"line":14,"column":24},"end":{"line":14,"column":null}},"3":{"start":{"line":14,"column":66},"end":{"line":14,"column":91}},"4":{"start":{"line":15,"column":31},"end":{"line":17,"column":null}},"5":{"start":{"line":16,"column":48},"end":{"line":16,"column":85}},"6":{"start":{"line":18,"column":17},"end":{"line":18,"column":null}},"7":{"start":{"line":18,"column":66},"end":{"line":18,"column":88}},"8":{"start":{"line":19,"column":20},"end":{"line":19,"column":null}},"9":{"start":{"line":20,"column":20},"end":{"line":20,"column":null}},"10":{"start":{"line":21,"column":21},"end":{"line":21,"column":null}},"11":{"start":{"line":23,"column":2},"end":{"line":118,"column":null}},"12":{"start":{"line":46,"column":12},"end":{"line":89,"column":null}},"13":{"start":{"line":74,"column":20},"end":{"line":74,"column":null}},"14":{"start":{"line":79,"column":32},"end":{"line":87,"column":null}},"15":{"start":{"line":102,"column":14},"end":{"line":113,"column":null}},"16":{"start":{"line":107,"column":41},"end":{"line":107,"column":111}},"17":{"start":{"line":108,"column":38},"end":{"line":108,"column":69}},"18":{"start":{"line":109,"column":75},"end":{"line":109,"column":93}},"19":{"start":{"line":129,"column":56},"end":{"line":129,"column":null}},"20":{"start":{"line":131,"column":2},"end":{"line":165,"column":null}},"21":{"start":{"line":141,"column":26},"end":{"line":141,"column":null}},"22":{"start":{"line":142,"column":27},"end":{"line":142,"column":null}},"23":{"start":{"line":143,"column":26},"end":{"line":143,"column":null}},"24":{"start":{"line":145,"column":8},"end":{"line":162,"column":null}}},"fnMap":{"0":{"name":"Building","decl":{"start":{"line":12,"column":24},"end":{"line":12,"column":33}},"loc":{"start":{"line":12,"column":56},"end":{"line":120,"column":null}},"line":12},"1":{"name":"(anonymous_1)","decl":{"start":{"line":13,"column":54},"end":{"line":13,"column":59}},"loc":{"start":{"line":13,"column":73},"end":{"line":13,"column":98}},"line":13},"2":{"name":"(anonymous_2)","decl":{"start":{"line":14,"column":47},"end":{"line":14,"column":52}},"loc":{"start":{"line":14,"column":66},"end":{"line":14,"column":91}},"line":14},"3":{"name":"(anonymous_3)","decl":{"start":{"line":16,"column":29},"end":{"line":16,"column":34}},"loc":{"start":{"line":16,"column":48},"end":{"line":16,"column":85}},"line":16},"4":{"name":"(anonymous_4)","decl":{"start":{"line":18,"column":49},"end":{"line":18,"column":53}},"loc":{"start":{"line":18,"column":66},"end":{"line":18,"column":88}},"line":18},"5":{"name":"(anonymous_5)","decl":{"start":{"line":45,"column":18},"end":{"line":45,"column":23}},"loc":{"start":{"line":46,"column":12},"end":{"line":89,"column":null}},"line":46},"6":{"name":"(anonymous_6)","decl":{"start":{"line":72,"column":43},"end":{"line":72,"column":null}},"loc":{"start":{"line":74,"column":20},"end":{"line":74,"column":null}},"line":74},"7":{"name":"(anonymous_7)","decl":{"start":{"line":79,"column":16},"end":{"line":79,"column":21}},"loc":{"start":{"line":79,"column":32},"end":{"line":87,"column":null}},"line":79},"8":{"name":"(anonymous_8)","decl":{"start":{"line":101,"column":23},"end":{"line":101,"column":28}},"loc":{"start":{"line":102,"column":14},"end":{"line":113,"column":null}},"line":102},"9":{"name":"(anonymous_9)","decl":{"start":{"line":107,"column":19},"end":{"line":107,"column":27}},"loc":{"start":{"line":107,"column":41},"end":{"line":107,"column":111}},"line":107},"10":{"name":"(anonymous_10)","decl":{"start":{"line":108,"column":19},"end":{"line":108,"column":24}},"loc":{"start":{"line":108,"column":38},"end":{"line":108,"column":69}},"line":108},"11":{"name":"(anonymous_11)","decl":{"start":{"line":109,"column":19},"end":{"line":109,"column":27}},"loc":{"start":{"line":109,"column":75},"end":{"line":109,"column":93}},"line":109},"12":{"name":"WaitingPassengerIcons","decl":{"start":{"line":122,"column":9},"end":{"line":122,"column":31}},"loc":{"start":{"line":128,"column":3},"end":{"line":167,"column":null}},"line":128},"13":{"name":"(anonymous_13)","decl":{"start":{"line":140,"column":18},"end":{"line":140,"column":23}},"loc":{"start":{"line":140,"column":39},"end":{"line":164,"column":7}},"line":140}},"branchMap":{"0":{"loc":{"start":{"line":13,"column":30},"end":{"line":13,"column":52}},"type":"binary-expr","locations":[{"start":{"line":13,"column":30},"end":{"line":13,"column":50}},{"start":{"line":13,"column":50},"end":{"line":13,"column":52}}],"line":13},"1":{"loc":{"start":{"line":16,"column":5},"end":{"line":16,"column":27}},"type":"binary-expr","locations":[{"start":{"line":16,"column":5},"end":{"line":16,"column":25}},{"start":{"line":16,"column":25},"end":{"line":16,"column":27}}],"line":16},"2":{"loc":{"start":{"line":19,"column":20},"end":{"line":19,"column":null}},"type":"binary-expr","locations":[{"start":{"line":19,"column":20},"end":{"line":19,"column":39}},{"start":{"line":19,"column":39},"end":{"line":19,"column":null}}],"line":19},"3":{"loc":{"start":{"line":31,"column":56},"end":{"line":31,"column":null}},"type":"cond-expr","locations":[{"start":{"line":31,"column":81},"end":{"line":31,"column":86}},{"start":{"line":31,"column":86},"end":{"line":31,"column":null}}],"line":31},"4":{"loc":{"start":{"line":55,"column":27},"end":{"line":55,"column":null}},"type":"cond-expr","locations":[{"start":{"line":55,"column":49},"end":{"line":55,"column":53}},{"start":{"line":55,"column":53},"end":{"line":55,"column":null}}],"line":55},"5":{"loc":{"start":{"line":74,"column":20},"end":{"line":74,"column":null}},"type":"binary-expr","locations":[{"start":{"line":74,"column":20},"end":{"line":74,"column":55}},{"start":{"line":74,"column":55},"end":{"line":74,"column":null}}],"line":74},"6":{"loc":{"start":{"line":106,"column":29},"end":{"line":106,"column":51}},"type":"binary-expr","locations":[{"start":{"line":106,"column":29},"end":{"line":106,"column":49}},{"start":{"line":106,"column":49},"end":{"line":106,"column":51}}],"line":106},"7":{"loc":{"start":{"line":107,"column":41},"end":{"line":107,"column":111}},"type":"binary-expr","locations":[{"start":{"line":107,"column":41},"end":{"line":107,"column":74}},{"start":{"line":107,"column":74},"end":{"line":107,"column":111}}],"line":107},"8":{"loc":{"start":{"line":155,"column":27},"end":{"line":159,"column":null}},"type":"cond-expr","locations":[{"start":{"line":156,"column":20},"end":{"line":156,"column":null}},{"start":{"line":157,"column":20},"end":{"line":159,"column":null}}],"line":155},"9":{"loc":{"start":{"line":157,"column":20},"end":{"line":159,"column":null}},"type":"cond-expr","locations":[{"start":{"line":158,"column":22},"end":{"line":158,"column":null}},{"start":{"line":159,"column":22},"end":{"line":159,"column":null}}],"line":157}},"s":{"0":8,"1":7,"2":8,"3":8,"4":8,"5":7,"6":8,"7":46,"8":8,"9":8,"10":8,"11":8,"12":46,"13":46,"14":46,"15":8,"16":7,"17":2,"18":2,"19":48,"20":48,"21":7,"22":7,"23":7,"24":7},"f":{"0":8,"1":7,"2":8,"3":7,"4":46,"5":46,"6":46,"7":46,"8":8,"9":7,"10":2,"11":2,"12":48,"13":7},"b":{"0":[8,0],"1":[8,0],"2":[8,0],"3":[8,0],"4":[8,38],"5":[46,8],"6":[8,0],"7":[7,2],"8":[1,6],"9":[0,6]},"meta":{"lastBranch":10,"lastFunction":14,"lastStatement":25,"seen":{"f:12:24:12:33":0,"s:13:21:13:Infinity":0,"b:13:30:13:50:13:50:13:52":0,"f:13:54:13:59":1,"s:13:73:13:98":1,"s:14:24:14:Infinity":2,"f:14:47:14:52":2,"s:14:66:14:91":3,"s:15:31:17:Infinity":4,"b:16:5:16:25:16:25:16:27":1,"f:16:29:16:34":3,"s:16:48:16:85":5,"s:18:17:18:Infinity":6,"f:18:49:18:53":4,"s:18:66:18:88":7,"s:19:20:19:Infinity":8,"b:19:20:19:39:19:39:19:Infinity":2,"s:20:20:20:Infinity":9,"s:21:21:21:Infinity":10,"s:23:2:118:Infinity":11,"b:31:81:31:86:31:86:31:Infinity":3,"f:45:18:45:23":5,"s:46:12:89:Infinity":12,"b:55:49:55:53:55:53:55:Infinity":4,"f:72:43:72:Infinity":6,"s:74:20:74:Infinity":13,"b:74:20:74:55:74:55:74:Infinity":5,"f:79:16:79:21":7,"s:79:32:87:Infinity":14,"f:101:23:101:28":8,"s:102:14:113:Infinity":15,"b:106:29:106:49:106:49:106:51":6,"f:107:19:107:27":9,"s:107:41:107:111":16,"b:107:41:107:74:107:74:107:111":7,"f:108:19:108:24":10,"s:108:38:108:69":17,"f:109:19:109:27":11,"s:109:75:109:93":18,"f:122:9:122:31":12,"s:129:56:129:Infinity":19,"s:131:2:165:Infinity":20,"f:140:18:140:23":13,"s:141:26:141:Infinity":21,"s:142:27:142:Infinity":22,"s:143:26:143:Infinity":23,"s:145:8:162:Infinity":24,"b:156:20:156:Infinity:157:20:159:Infinity":8,"b:158:22:158:Infinity:159:22:159:Infinity":9},"fnNames":{}}}
,"/Users/mattbrauner/Documents/Repos/elevator-sim/frontend/src/components/ElevatorCar.tsx": {"path":"/Users/mattbrauner/Documents/Repos/elevator-sim/frontend/src/components/ElevatorCar.tsx","statementMap":{"0":{"start":{"line":23,"column":28},"end":{"line":23,"column":null}},"1":{"start":{"line":24,"column":8},"end":{"line":24,"column":null}},"2":{"start":{"line":26,"column":2},"end":{"line":69,"column":null}},"3":{"start":{"line":74,"column":8},"end":{"line":85,"column":null}},"4":{"start":{"line":74,"column":18},"end":{"line":85,"column":null}},"5":{"start":{"line":74,"column":64},"end":{"line":85,"column":null}},"6":{"start":{"line":87,"column":2},"end":{"line":91,"column":null}},"7":{"start":{"line":102,"column":56},"end":{"line":102,"column":null}},"8":{"start":{"line":103,"column":23},"end":{"line":103,"column":null}},"9":{"start":{"line":104,"column":19},"end":{"line":104,"column":null}},"10":{"start":{"line":105,"column":22},"end":{"line":105,"column":null}},"11":{"start":{"line":107,"column":2},"end":{"line":146,"column":null}},"12":{"start":{"line":121,"column":26},"end":{"line":121,"column":null}},"13":{"start":{"line":122,"column":27},"end":{"line":122,"column":null}},"14":{"start":{"line":123,"column":26},"end":{"line":123,"column":null}},"15":{"start":{"line":125,"column":8},"end":{"line":143,"column":null}},"16":{"start":{"line":151,"column":2},"end":{"line":153,"column":null}},"17":{"start":{"line":152,"column":4},"end":{"line":152,"column":null}},"18":{"start":{"line":155,"column":2},"end":{"line":180,"column":null}}},"fnMap":{"0":{"name":"ElevatorCar","decl":{"start":{"line":8,"column":24},"end":{"line":8,"column":36}},"loc":{"start":{"line":22,"column":3},"end":{"line":71,"column":null}},"line":22},"1":{"name":"ElevatorDoors","decl":{"start":{"line":73,"column":9},"end":{"line":73,"column":23}},"loc":{"start":{"line":73,"column":52},"end":{"line":93,"column":null}},"line":73},"2":{"name":"(anonymous_2)","decl":{"start":{"line":74,"column":8},"end":{"line":74,"column":18}},"loc":{"start":{"line":74,"column":18},"end":{"line":85,"column":null}},"line":74},"3":{"name":"(anonymous_3)","decl":{"start":{"line":74,"column":18},"end":{"line":74,"column":46}},"loc":{"start":{"line":74,"column":64},"end":{"line":85,"column":null}},"line":74},"4":{"name":"ElevatorPassengerIcons","decl":{"start":{"line":95,"column":9},"end":{"line":95,"column":32}},"loc":{"start":{"line":101,"column":3},"end":{"line":148,"column":null}},"line":101},"5":{"name":"(anonymous_5)","decl":{"start":{"line":120,"column":18},"end":{"line":120,"column":23}},"loc":{"start":{"line":120,"column":46},"end":{"line":145,"column":7}},"line":120},"6":{"name":"DirectionIndicator","decl":{"start":{"line":150,"column":9},"end":{"line":150,"column":28}},"loc":{"start":{"line":150,"column":110},"end":{"line":182,"column":null}},"line":150}},"branchMap":{"0":{"loc":{"start":{"line":68,"column":27},"end":{"line":68,"column":92}},"type":"binary-expr","locations":[{"start":{"line":68,"column":27},"end":{"line":68,"column":59}},{"start":{"line":68,"column":59},"end":{"line":68,"column":92}}],"line":68},"1":{"loc":{"start":{"line":83,"column":15},"end":{"line":83,"column":null}},"type":"cond-expr","locations":[{"start":{"line":83,"column":22},"end":{"line":83,"column":72}},{"start":{"line":83,"column":72},"end":{"line":83,"column":null}}],"line":83},"2":{"loc":{"start":{"line":83,"column":36},"end":{"line":83,"column":63}},"type":"cond-expr","locations":[{"start":{"line":83,"column":54},"end":{"line":83,"column":60}},{"start":{"line":83,"column":60},"end":{"line":83,"column":63}}],"line":83},"3":{"loc":{"start":{"line":105,"column":22},"end":{"line":105,"column":null}},"type":"cond-expr","locations":[{"start":{"line":105,"column":41},"end":{"line":105,"column":109}},{"start":{"line":105,"column":109},"end":{"line":105,"column":null}}],"line":105},"4":{"loc":{"start":{"line":135,"column":27},"end":{"line":139,"column":null}},"type":"cond-expr","locations":[{"start":{"line":136,"column":20},"end":{"line":136,"column":null}},{"start":{"line":137,"column":20},"end":{"line":139,"column":null}}],"line":135},"5":{"loc":{"start":{"line":137,"column":20},"end":{"line":139,"column":null}},"type":"cond-expr","locations":[{"start":{"line":138,"column":22},"end":{"line":138,"column":null}},{"start":{"line":139,"column":22},"end":{"line":139,"column":null}}],"line":137},"6":{"loc":{"start":{"line":140,"column":20},"end":{"line":140,"column":null}},"type":"cond-expr","locations":[{"start":{"line":140,"column":32},"end":{"line":140,"column":53}},{"start":{"line":140,"column":53},"end":{"line":140,"column":null}}],"line":140},"7":{"loc":{"start":{"line":151,"column":2},"end":{"line":153,"column":null}},"type":"if","locations":[{"start":{"line":151,"column":2},"end":{"line":153,"column":null}},{"start":{},"end":{}}],"line":151},"8":{"loc":{"start":{"line":151,"column":6},"end":{"line":151,"column":50}},"type":"binary-expr","locations":[{"start":{"line":151,"column":6},"end":{"line":151,"column":28}},{"start":{"line":151,"column":28},"end":{"line":151,"column":50}}],"line":151},"9":{"loc":{"start":{"line":158,"column":15},"end":{"line":158,"column":null}},"type":"cond-expr","locations":[{"start":{"line":158,"column":36},"end":{"line":158,"column":48}},{"start":{"line":158,"column":48},"end":{"line":158,"column":null}}],"line":158},"10":{"loc":{"start":{"line":160,"column":25},"end":{"line":160,"column":66}},"type":"cond-expr","locations":[{"start":{"line":160,"column":46},"end":{"line":160,"column":57}},{"start":{"line":160,"column":57},"end":{"line":160,"column":66}}],"line":160},"11":{"loc":{"start":{"line":162,"column":7},"end":{"line":180,"column":null}},"type":"binary-expr","locations":[{"start":{"line":162,"column":7},"end":{"line":162,"column":null}},{"start":{"line":163,"column":8},"end":{"line":180,"column":null}}],"line":162}},"s":{"0":12,"1":12,"2":12,"3":12,"4":24,"5":24,"6":12,"7":12,"8":12,"9":12,"10":12,"11":12,"12":3,"13":3,"14":3,"15":3,"16":12,"17":10,"18":2},"f":{"0":12,"1":12,"2":24,"3":24,"4":12,"5":3,"6":12},"b":{"0":[12,11],"1":[2,22],"2":[1,1],"3":[1,11],"4":[0,3],"5":[0,3],"6":[1,2],"7":[10,2],"8":[12,11],"9":[1,1],"10":[1,1],"11":[12,1]},"meta":{"lastBranch":12,"lastFunction":7,"lastStatement":19,"seen":{"f:8:24:8:36":0,"s:23:28:23:Infinity":0,"s:24:8:24:Infinity":1,"s:26:2:69:Infinity":2,"b:68:27:68:59:68:59:68:92":0,"f:73:9:73:23":1,"s:74:8:85:Infinity":3,"f:74:8:74:18":2,"s:74:18:85:Infinity":4,"f:74:18:74:46":3,"s:74:64:85:Infinity":5,"b:83:22:83:72:83:72:83:Infinity":1,"b:83:54:83:60:83:60:83:63":2,"s:87:2:91:Infinity":6,"f:95:9:95:32":4,"s:102:56:102:Infinity":7,"s:103:23:103:Infinity":8,"s:104:19:104:Infinity":9,"s:105:22:105:Infinity":10,"b:105:41:105:109:105:109:105:Infinity":3,"s:107:2:146:Infinity":11,"f:120:18:120:23":5,"s:121:26:121:Infinity":12,"s:122:27:122:Infinity":13,"s:123:26:123:Infinity":14,"s:125:8:143:Infinity":15,"b:136:20:136:Infinity:137:20:139:Infinity":4,"b:138:22:138:Infinity:139:22:139:Infinity":5,"b:140:32:140:53:140:53:140:Infinity":6,"f:150:9:150:28":6,"b:151:2:153:Infinity:undefined:undefined:undefined:undefined":7,"s:151:2:153:Infinity":16,"b:151:6:151:28:151:28:151:50":8,"s:152:4:152:Infinity":17,"s:155:2:180:Infinity":18,"b:158:36:158:48:158:48:158:Infinity":9,"b:160:46:160:57:160:57:160:66":10,"b:162:7:162:Infinity:163:8:180:Infinity":11},"fnNames":{}}}
,"/Users/mattbrauner/Documents/Repos/elevator-sim/frontend/src/components/PassengerIcon.tsx": {"path":"/Users/mattbrauner/Documents/Repos/elevator-sim/frontend/src/components/PassengerIcon.tsx","statementMap":{"0":{"start":{"line":7,"column":30},"end":{"line":7,"column":null}},"1":{"start":{"line":18,"column":29},"end":{"line":18,"column":null}},"2":{"start":{"line":30,"column":2},"end":{"line":30,"column":null}},"3":{"start":{"line":34,"column":2},"end":{"line":34,"column":null}},"4":{"start":{"line":42,"column":2},"end":{"line":44,"column":null}},"5":{"start":{"line":43,"column":4},"end":{"line":43,"column":null}},"6":{"start":{"line":45,"column":24},"end":{"line":45,"column":null}},"7":{"start":{"line":46,"column":2},"end":{"line":46,"column":null}},"8":{"start":{"line":51,"column":13},"end":{"line":86,"column":null}},"9":{"start":{"line":60,"column":20},"end":{"line":60,"column":null}},"10":{"start":{"line":61,"column":16},"end":{"line":61,"column":null}},"11":{"start":{"line":63,"column":2},"end":{"line":84,"column":null}},"12":{"start":{"line":69,"column":26},"end":{"line":79,"column":null}},"13":{"start":{"line":87,"column":0},"end":{"line":87,"column":null}}},"fnMap":{"0":{"name":"passengerDirectionColor","decl":{"start":{"line":29,"column":9},"end":{"line":29,"column":33}},"loc":{"start":{"line":29,"column":86},"end":{"line":31,"column":null}},"line":29},"1":{"name":"passengerDirection","decl":{"start":{"line":33,"column":9},"end":{"line":33,"column":28}},"loc":{"start":{"line":33,"column":75},"end":{"line":35,"column":null}},"line":33},"2":{"name":"passengerTooltip","decl":{"start":{"line":37,"column":16},"end":{"line":37,"column":null}},"loc":{"start":{"line":41,"column":10},"end":{"line":47,"column":null}},"line":41},"3":{"name":"(anonymous_3)","decl":{"start":{"line":51,"column":37},"end":{"line":51,"column":null}},"loc":{"start":{"line":59,"column":67},"end":{"line":86,"column":1}},"line":59},"4":{"name":"(anonymous_4)","decl":{"start":{"line":69,"column":10},"end":{"line":69,"column":15}},"loc":{"start":{"line":69,"column":26},"end":{"line":79,"column":null}},"line":69}},"branchMap":{"0":{"loc":{"start":{"line":30,"column":9},"end":{"line":30,"column":null}},"type":"cond-expr","locations":[{"start":{"line":30,"column":63},"end":{"line":30,"column":75}},{"start":{"line":30,"column":75},"end":{"line":30,"column":null}}],"line":30},"1":{"loc":{"start":{"line":34,"column":9},"end":{"line":34,"column":null}},"type":"cond-expr","locations":[{"start":{"line":34,"column":63},"end":{"line":34,"column":70}},{"start":{"line":34,"column":70},"end":{"line":34,"column":null}}],"line":34},"2":{"loc":{"start":{"line":42,"column":2},"end":{"line":44,"column":null}},"type":"if","locations":[{"start":{"line":42,"column":2},"end":{"line":44,"column":null}},{"start":{},"end":{}}],"line":42},"3":{"loc":{"start":{"line":45,"column":24},"end":{"line":45,"column":null}},"type":"cond-expr","locations":[{"start":{"line":45,"column":53},"end":{"line":45,"column":74}},{"start":{"line":45,"column":74},"end":{"line":45,"column":null}}],"line":45},"4":{"loc":{"start":{"line":60,"column":20},"end":{"line":60,"column":null}},"type":"cond-expr","locations":[{"start":{"line":60,"column":32},"end":{"line":60,"column":64}},{"start":{"line":60,"column":64},"end":{"line":60,"column":null}}],"line":60},"5":{"loc":{"start":{"line":61,"column":16},"end":{"line":61,"column":null}},"type":"cond-expr","locations":[{"start":{"line":61,"column":28},"end":{"line":61,"column":65}},{"start":{"line":61,"column":65},"end":{"line":61,"column":null}}],"line":61},"6":{"loc":{"start":{"line":66,"column":7},"end":{"line":84,"column":null}},"type":"binary-expr","locations":[{"start":{"line":66,"column":7},"end":{"line":66,"column":20}},{"start":{"line":66,"column":20},"end":{"line":66,"column":null}},{"start":{"line":67,"column":8},"end":{"line":84,"column":null}}],"line":66},"7":{"loc":{"start":{"line":72,"column":17},"end":{"line":72,"column":null}},"type":"cond-expr","locations":[{"start":{"line":72,"column":38},"end":{"line":72,"column":57}},{"start":{"line":72,"column":57},"end":{"line":72,"column":null}}],"line":72},"8":{"loc":{"start":{"line":73,"column":20},"end":{"line":73,"column":null}},"type":"cond-expr","locations":[{"start":{"line":73,"column":43},"end":{"line":73,"column":62}},{"start":{"line":73,"column":62},"end":{"line":73,"column":null}}],"line":73}},"s":{"0":3,"1":3,"2":17,"3":17,"4":10,"5":0,"6":10,"7":10,"8":3,"9":17,"10":17,"11":17,"12":17,"13":3},"f":{"0":17,"1":17,"2":10,"3":17,"4":17},"b":{"0":[15,2],"1":[15,2],"2":[0,10],"3":[1,9],"4":[17,0],"5":[17,0],"6":[17,17,17],"7":[15,2],"8":[2,15]},"meta":{"lastBranch":9,"lastFunction":5,"lastStatement":14,"seen":{"s:7:30:7:Infinity":0,"s:18:29:18:Infinity":1,"f:29:9:29:33":0,"s:30:2:30:Infinity":2,"b:30:63:30:75:30:75:30:Infinity":0,"f:33:9:33:28":1,"s:34:2:34:Infinity":3,"b:34:63:34:70:34:70:34:Infinity":1,"f:37:16:37:Infinity":2,"b:42:2:44:Infinity:undefined:undefined:undefined:undefined":2,"s:42:2:44:Infinity":4,"s:43:4:43:Infinity":5,"s:45:24:45:Infinity":6,"b:45:53:45:74:45:74:45:Infinity":3,"s:46:2:46:Infinity":7,"s:51:13:86:Infinity":8,"f:51:37:51:Infinity":3,"s:60:20:60:Infinity":9,"b:60:32:60:64:60:64:60:Infinity":4,"s:61:16:61:Infinity":10,"b:61:28:61:65:61:65:61:Infinity":5,"s:63:2:84:Infinity":11,"b:66:7:66:20:66:20:66:Infinity:67:8:84:Infinity":6,"f:69:10:69:15":4,"s:69:26:79:Infinity":12,"b:72:38:72:57:72:57:72:Infinity":7,"b:73:43:73:62:73:62:73:Infinity":8,"s:87:0:87:Infinity":13},"fnNames":{}}}
,"/Users/mattbrauner/Documents/Repos/elevator-sim/frontend/src/components/ProgressChart.tsx": {"path":"/Users/mattbrauner/Documents/Repos/elevator-sim/frontend/src/components/ProgressChart.tsx","statementMap":{"0":{"start":{"line":11,"column":8},"end":{"line":11,"column":null}},"1":{"start":{"line":12,"column":16},"end":{"line":12,"column":null}},"2":{"start":{"line":13,"column":19},"end":{"line":15,"column":null}},"3":{"start":{"line":14,"column":25},"end":{"line":14,"column":52}},"4":{"start":{"line":15,"column":27},"end":{"line":15,"column":45}},"5":{"start":{"line":16,"column":20},"end":{"line":27,"column":null}},"6":{"start":{"line":17,"column":20},"end":{"line":17,"column":null}},"7":{"start":{"line":18,"column":20},"end":{"line":18,"column":null}},"8":{"start":{"line":20,"column":4},"end":{"line":26,"column":null}},"9":{"start":{"line":29,"column":2},"end":{"line":85,"column":null}}},"fnMap":{"0":{"name":"ProgressChart","decl":{"start":{"line":10,"column":24},"end":{"line":10,"column":38}},"loc":{"start":{"line":10,"column":60},"end":{"line":87,"column":null}},"line":10},"1":{"name":"(anonymous_1)","decl":{"start":{"line":14,"column":5},"end":{"line":14,"column":13}},"loc":{"start":{"line":14,"column":25},"end":{"line":14,"column":52}},"line":14},"2":{"name":"(anonymous_2)","decl":{"start":{"line":15,"column":5},"end":{"line":15,"column":11}},"loc":{"start":{"line":15,"column":27},"end":{"line":15,"column":45}},"line":15},"3":{"name":"(anonymous_3)","decl":{"start":{"line":16,"column":29},"end":{"line":16,"column":34}},"loc":{"start":{"line":16,"column":46},"end":{"line":27,"column":3}},"line":16}},"branchMap":{"0":{"loc":{"start":{"line":17,"column":29},"end":{"line":17,"column":56}},"type":"binary-expr","locations":[{"start":{"line":17,"column":29},"end":{"line":17,"column":50}},{"start":{"line":17,"column":50},"end":{"line":17,"column":56}}],"line":17},"1":{"loc":{"start":{"line":18,"column":29},"end":{"line":18,"column":59}},"type":"binary-expr","locations":[{"start":{"line":18,"column":29},"end":{"line":18,"column":53}},{"start":{"line":18,"column":53},"end":{"line":18,"column":59}}],"line":18},"2":{"loc":{"start":{"line":21,"column":16},"end":{"line":21,"column":null}},"type":"cond-expr","locations":[{"start":{"line":21,"column":80},"end":{"line":21,"column":84}},{"start":{"line":21,"column":84},"end":{"line":21,"column":null}}],"line":21},"3":{"loc":{"start":{"line":21,"column":16},"end":{"line":21,"column":80}},"type":"binary-expr","locations":[{"start":{"line":21,"column":16},"end":{"line":21,"column":49}},{"start":{"line":21,"column":49},"end":{"line":21,"column":80}}],"line":21},"4":{"loc":{"start":{"line":24,"column":14},"end":{"line":24,"column":null}},"type":"cond-expr","locations":[{"start":{"line":24,"column":72},"end":{"line":24,"column":115}},{"start":{"line":24,"column":115},"end":{"line":24,"column":null}}],"line":24},"5":{"loc":{"start":{"line":24,"column":14},"end":{"line":24,"column":72}},"type":"binary-expr","locations":[{"start":{"line":24,"column":14},"end":{"line":24,"column":44}},{"start":{"line":24,"column":44},"end":{"line":24,"column":72}}],"line":24},"6":{"loc":{"start":{"line":25,"column":15},"end":{"line":25,"column":null}},"type":"cond-expr","locations":[{"start":{"line":25,"column":45},"end":{"line":25,"column":90}},{"start":{"line":25,"column":90},"end":{"line":25,"column":null}}],"line":25},"7":{"loc":{"start":{"line":53,"column":11},"end":{"line":81,"column":null}},"type":"cond-expr","locations":[{"start":{"line":54,"column":12},"end":{"line":79,"column":13}},{"start":{"line":79,"column":12},"end":{"line":81,"column":null}}],"line":53}},"s":{"0":6,"1":6,"2":6,"3":7,"4":1,"5":6,"6":6,"7":6,"8":6,"9":6},"f":{"0":6,"1":7,"2":1,"3":6},"b":{"0":[6,4],"1":[6,0],"2":[6,0],"3":[6,6],"4":[2,4],"5":[6,2],"6":[6,0],"7":[5,1]},"meta":{"lastBranch":8,"lastFunction":4,"lastStatement":10,"seen":{"f:10:24:10:38":0,"s:11:8:11:Infinity":0,"s:12:16:12:Infinity":1,"s:13:19:15:Infinity":2,"f:14:5:14:13":1,"s:14:25:14:52":3,"f:15:5:15:11":2,"s:15:27:15:45":4,"s:16:20:27:Infinity":5,"f:16:29:16:34":3,"s:17:20:17:Infinity":6,"b:17:29:17:50:17:50:17:56":0,"s:18:20:18:Infinity":7,"b:18:29:18:53:18:53:18:59":1,"s:20:4:26:Infinity":8,"b:21:80:21:84:21:84:21:Infinity":2,"b:21:16:21:49:21:49:21:80":3,"b:24:72:24:115:24:115:24:Infinity":4,"b:24:14:24:44:24:44:24:72":5,"b:25:45:25:90:25:90:25:Infinity":6,"s:29:2:85:Infinity":9,"b:54:12:79:13:79:12:81:Infinity":7},"fnNames":{}}}
,"/Users/mattbrauner/Documents/Repos/elevator-sim/frontend/src/components/SimulationToolbar.tsx": {"path":"/Users/mattbrauner/Documents/Repos/elevator-sim/frontend/src/components/SimulationToolbar.tsx","statementMap":{"0":{"start":{"line":43,"column":8},"end":{"line":43,"column":null}},"1":{"start":{"line":45,"column":8},"end":{"line":49,"column":null}},"2":{"start":{"line":46,"column":17},"end":{"line":46,"column":null}},"3":{"start":{"line":47,"column":4},"end":{"line":47,"column":null}},"4":{"start":{"line":47,"column":14},"end":{"line":47,"column":null}},"5":{"start":{"line":48,"column":4},"end":{"line":48,"column":null}},"6":{"start":{"line":50,"column":24},"end":{"line":50,"column":null}},"7":{"start":{"line":51,"column":23},"end":{"line":51,"column":null}},"8":{"start":{"line":52,"column":25},"end":{"line":52,"column":null}},"9":{"start":{"line":53,"column":24},"end":{"line":53,"column":null}},"10":{"start":{"line":54,"column":22},"end":{"line":54,"column":null}},"11":{"start":{"line":55,"column":26},"end":{"line":55,"column":null}},"12":{"start":{"line":57,"column":2},"end":{"line":132,"column":null}},"13":{"start":{"line":76,"column":27},"end":{"line":76,"column":null}},"14":{"start":{"line":94,"column":31},"end":{"line":94,"column":null}},"15":{"start":{"line":103,"column":31},"end":{"line":103,"column":null}},"16":{"start":{"line":137,"column":2},"end":{"line":139,"column":null}},"17":{"start":{"line":138,"column":4},"end":{"line":138,"column":null}},"18":{"start":{"line":141,"column":2},"end":{"line":141,"column":null}}},"fnMap":{"0":{"name":"SimulationToolbar","decl":{"start":{"line":29,"column":24},"end":{"line":29,"column":42}},"loc":{"start":{"line":42,"column":10},"end":{"line":134,"column":null}},"line":42},"1":{"name":"(anonymous_1)","decl":{"start":{"line":45,"column":8},"end":{"line":45,"column":28}},"loc":{"start":{"line":45,"column":69},"end":{"line":49,"column":null}},"line":45},"2":{"name":"(anonymous_2)","decl":{"start":{"line":76,"column":12},"end":{"line":76,"column":27}},"loc":{"start":{"line":76,"column":27},"end":{"line":76,"column":null}},"line":76},"3":{"name":"(anonymous_3)","decl":{"start":{"line":94,"column":16},"end":{"line":94,"column":31}},"loc":{"start":{"line":94,"column":31},"end":{"line":94,"column":null}},"line":94},"4":{"name":"(anonymous_4)","decl":{"start":{"line":103,"column":16},"end":{"line":103,"column":31}},"loc":{"start":{"line":103,"column":31},"end":{"line":103,"column":null}},"line":103},"5":{"name":"ControlTooltip","decl":{"start":{"line":136,"column":9},"end":{"line":136,"column":24}},"loc":{"start":{"line":136,"column":117},"end":{"line":142,"column":null}},"line":136}},"branchMap":{"0":{"loc":{"start":{"line":47,"column":4},"end":{"line":47,"column":null}},"type":"if","locations":[{"start":{"line":47,"column":4},"end":{"line":47,"column":null}},{"start":{},"end":{}}],"line":47},"1":{"loc":{"start":{"line":51,"column":23},"end":{"line":51,"column":null}},"type":"binary-expr","locations":[{"start":{"line":51,"column":23},"end":{"line":51,"column":34}},{"start":{"line":51,"column":34},"end":{"line":51,"column":55}},{"start":{"line":51,"column":55},"end":{"line":51,"column":null}}],"line":51},"2":{"loc":{"start":{"line":52,"column":25},"end":{"line":52,"column":null}},"type":"binary-expr","locations":[{"start":{"line":52,"column":25},"end":{"line":52,"column":36}},{"start":{"line":52,"column":36},"end":{"line":52,"column":57}},{"start":{"line":52,"column":57},"end":{"line":52,"column":null}}],"line":52},"3":{"loc":{"start":{"line":53,"column":24},"end":{"line":53,"column":null}},"type":"binary-expr","locations":[{"start":{"line":53,"column":24},"end":{"line":53,"column":35}},{"start":{"line":53,"column":35},"end":{"line":53,"column":null}}],"line":53},"4":{"loc":{"start":{"line":54,"column":22},"end":{"line":54,"column":null}},"type":"binary-expr","locations":[{"start":{"line":54,"column":22},"end":{"line":54,"column":33}},{"start":{"line":54,"column":33},"end":{"line":54,"column":null}}],"line":54},"5":{"loc":{"start":{"line":55,"column":26},"end":{"line":55,"column":null}},"type":"cond-expr","locations":[{"start":{"line":55,"column":43},"end":{"line":55,"column":72}},{"start":{"line":55,"column":72},"end":{"line":55,"column":null}}],"line":55},"6":{"loc":{"start":{"line":92,"column":23},"end":{"line":92,"column":null}},"type":"cond-expr","locations":[{"start":{"line":92,"column":44},"end":{"line":92,"column":58}},{"start":{"line":92,"column":58},"end":{"line":92,"column":null}}],"line":92},"7":{"loc":{"start":{"line":101,"column":23},"end":{"line":101,"column":null}},"type":"cond-expr","locations":[{"start":{"line":101,"column":44},"end":{"line":101,"column":58}},{"start":{"line":101,"column":58},"end":{"line":101,"column":null}}],"line":101},"8":{"loc":{"start":{"line":137,"column":2},"end":{"line":139,"column":null}},"type":"if","locations":[{"start":{"line":137,"column":2},"end":{"line":139,"column":null}},{"start":{},"end":{}}],"line":137}},"s":{"0":14,"1":14,"2":5,"3":5,"4":5,"5":5,"6":14,"7":14,"8":14,"9":14,"10":14,"11":14,"12":14,"13":0,"14":1,"15":1,"16":98,"17":60,"18":38},"f":{"0":14,"1":5,"2":0,"3":1,"4":1,"5":98},"b":{"0":[5,0],"1":[14,8,7],"2":[14,8,7],"3":[14,8],"4":[14,8],"5":[4,10],"6":[1,13],"7":[0,14],"8":[60,38]},"meta":{"lastBranch":9,"lastFunction":6,"lastStatement":19,"seen":{"f:29:24:29:42":0,"s:43:8:43:Infinity":0,"s:45:8:49:Infinity":1,"f:45:8:45:28":1,"s:46:17:46:Infinity":2,"b:47:4:47:Infinity:undefined:undefined:undefined:undefined":0,"s:47:4:47:Infinity":3,"s:47:14:47:Infinity":4,"s:48:4:48:Infinity":5,"s:50:24:50:Infinity":6,"s:51:23:51:Infinity":7,"b:51:23:51:34:51:34:51:55:51:55:51:Infinity":1,"s:52:25:52:Infinity":8,"b:52:25:52:36:52:36:52:57:52:57:52:Infinity":2,"s:53:24:53:Infinity":9,"b:53:24:53:35:53:35:53:Infinity":3,"s:54:22:54:Infinity":10,"b:54:22:54:33:54:33:54:Infinity":4,"s:55:26:55:Infinity":11,"b:55:43:55:72:55:72:55:Infinity":5,"s:57:2:132:Infinity":12,"f:76:12:76:27":2,"s:76:27:76:Infinity":13,"b:92:44:92:58:92:58:92:Infinity":6,"f:94:16:94:31":3,"s:94:31:94:Infinity":14,"b:101:44:101:58:101:58:101:Infinity":7,"f:103:16:103:31":4,"s:103:31:103:Infinity":15,"f:136:9:136:24":5,"b:137:2:139:Infinity:undefined:undefined:undefined:undefined":8,"s:137:2:139:Infinity":16,"s:138:4:138:Infinity":17,"s:141:2:141:Infinity":18},"fnNames":{}}}
,"/Users/mattbrauner/Documents/Repos/elevator-sim/frontend/src/components/StatsPanel.tsx": {"path":"/Users/mattbrauner/Documents/Repos/elevator-sim/frontend/src/components/StatsPanel.tsx","statementMap":{"0":{"start":{"line":11,"column":23},"end":{"line":11,"column":null}},"1":{"start":{"line":23,"column":93},"end":{"line":31,"column":null}},"2":{"start":{"line":33,"column":2},"end":{"line":74,"column":null}},"3":{"start":{"line":46,"column":12},"end":{"line":70,"column":null}}},"fnMap":{"0":{"name":"StatsPanel","decl":{"start":{"line":22,"column":24},"end":{"line":22,"column":35}},"loc":{"start":{"line":22,"column":63},"end":{"line":76,"column":null}},"line":22},"1":{"name":"(anonymous_1)","decl":{"start":{"line":45,"column":16},"end":{"line":45,"column":21}},"loc":{"start":{"line":46,"column":12},"end":{"line":70,"column":null}},"line":46}},"branchMap":{"0":{"loc":{"start":{"line":54,"column":30},"end":{"line":54,"column":null}},"type":"cond-expr","locations":[{"start":{"line":54,"column":56},"end":{"line":54,"column":60}},{"start":{"line":54,"column":60},"end":{"line":54,"column":null}}],"line":54}},"s":{"0":2,"1":4,"2":4,"3":28},"f":{"0":4,"1":28},"b":{"0":[24,4]},"meta":{"lastBranch":1,"lastFunction":2,"lastStatement":4,"seen":{"s:11:23:11:Infinity":0,"f:22:24:22:35":0,"s:23:93:31:Infinity":1,"s:33:2:74:Infinity":2,"f:45:16:45:21":1,"s:46:12:70:Infinity":3,"b:54:56:54:60:54:60:54:Infinity":0},"fnNames":{}}}
,"/Users/mattbrauner/Documents/Repos/elevator-sim/frontend/src/hooks/useEnterExitTransition.ts": {"path":"/Users/mattbrauner/Documents/Repos/elevator-sim/frontend/src/hooks/useEnterExitTransition.ts","statementMap":{"0":{"start":{"line":13,"column":26},"end":{"line":13,"column":null}},"1":{"start":{"line":22,"column":21},"end":{"line":22,"column":null}},"2":{"start":{"line":22,"column":51},"end":{"line":22,"column":63}},"3":{"start":{"line":23,"column":30},"end":{"line":23,"column":null}},"4":{"start":{"line":23,"column":68},"end":{"line":23,"column":93}},"5":{"start":{"line":24,"column":8},"end":{"line":24,"column":null}},"6":{"start":{"line":25,"column":8},"end":{"line":25,"column":null}},"7":{"start":{"line":26,"column":21},"end":{"line":26,"column":null}},"8":{"start":{"line":27,"column":30},"end":{"line":27,"column":null}},"9":{"start":{"line":28,"column":22},"end":{"line":28,"column":null}},"10":{"start":{"line":29,"column":21},"end":{"line":29,"column":null}},"11":{"start":{"line":31,"column":2},"end":{"line":61,"column":null}},"12":{"start":{"line":32,"column":20},"end":{"line":32,"column":null}},"13":{"start":{"line":32,"column":50},"end":{"line":32,"column":62}},"14":{"start":{"line":33,"column":29},"end":{"line":33,"column":null}},"15":{"start":{"line":33,"column":67},"end":{"line":33,"column":92}},"16":{"start":{"line":34,"column":26},"end":{"line":34,"column":null}},"17":{"start":{"line":35,"column":22},"end":{"line":35,"column":null}},"18":{"start":{"line":36,"column":21},"end":{"line":36,"column":null}},"19":{"start":{"line":36,"column":44},"end":{"line":36,"column":66}},"20":{"start":{"line":37,"column":20},"end":{"line":37,"column":null}},"21":{"start":{"line":37,"column":55},"end":{"line":37,"column":73}},"22":{"start":{"line":39,"column":4},"end":{"line":43,"column":null}},"23":{"start":{"line":40,"column":6},"end":{"line":40,"column":null}},"24":{"start":{"line":41,"column":6},"end":{"line":41,"column":null}},"25":{"start":{"line":42,"column":6},"end":{"line":42,"column":null}},"26":{"start":{"line":45,"column":31},"end":{"line":45,"column":null}},"27":{"start":{"line":46,"column":4},"end":{"line":46,"column":null}},"28":{"start":{"line":47,"column":4},"end":{"line":47,"column":null}},"29":{"start":{"line":48,"column":4},"end":{"line":48,"column":null}},"30":{"start":{"line":49,"column":4},"end":{"line":49,"column":null}},"31":{"start":{"line":51,"column":20},"end":{"line":58,"column":null}},"32":{"start":{"line":52,"column":6},"end":{"line":52,"column":null}},"33":{"start":{"line":53,"column":6},"end":{"line":53,"column":null}},"34":{"start":{"line":54,"column":6},"end":{"line":54,"column":null}},"35":{"start":{"line":55,"column":6},"end":{"line":55,"column":null}},"36":{"start":{"line":56,"column":6},"end":{"line":56,"column":null}},"37":{"start":{"line":57,"column":6},"end":{"line":57,"column":null}},"38":{"start":{"line":60,"column":4},"end":{"line":60,"column":null}},"39":{"start":{"line":60,"column":17},"end":{"line":60,"column":null}},"40":{"start":{"line":63,"column":2},"end":{"line":63,"column":null}}},"fnMap":{"0":{"name":"useEnterExitTransition","decl":{"start":{"line":21,"column":16},"end":{"line":21,"column":39}},"loc":{"start":{"line":21,"column":95},"end":{"line":64,"column":null}},"line":21},"1":{"name":"(anonymous_1)","decl":{"start":{"line":22,"column":32},"end":{"line":22,"column":37}},"loc":{"start":{"line":22,"column":51},"end":{"line":22,"column":63}},"line":22},"2":{"name":"(anonymous_2)","decl":{"start":{"line":23,"column":49},"end":{"line":23,"column":54}},"loc":{"start":{"line":23,"column":68},"end":{"line":23,"column":93}},"line":23},"3":{"name":"(anonymous_3)","decl":{"start":{"line":31,"column":2},"end":{"line":31,"column":18}},"loc":{"start":{"line":31,"column":18},"end":{"line":61,"column":5}},"line":31},"4":{"name":"(anonymous_4)","decl":{"start":{"line":32,"column":31},"end":{"line":32,"column":36}},"loc":{"start":{"line":32,"column":50},"end":{"line":32,"column":62}},"line":32},"5":{"name":"(anonymous_5)","decl":{"start":{"line":33,"column":48},"end":{"line":33,"column":53}},"loc":{"start":{"line":33,"column":67},"end":{"line":33,"column":92}},"line":33},"6":{"name":"(anonymous_6)","decl":{"start":{"line":36,"column":29},"end":{"line":36,"column":37}},"loc":{"start":{"line":36,"column":44},"end":{"line":36,"column":66}},"line":36},"7":{"name":"(anonymous_7)","decl":{"start":{"line":37,"column":40},"end":{"line":37,"column":48}},"loc":{"start":{"line":37,"column":55},"end":{"line":37,"column":73}},"line":37},"8":{"name":"(anonymous_8)","decl":{"start":{"line":51,"column":27},"end":{"line":51,"column":44}},"loc":{"start":{"line":51,"column":44},"end":{"line":58,"column":7}},"line":51},"9":{"name":"(anonymous_9)","decl":{"start":{"line":60,"column":4},"end":{"line":60,"column":17}},"loc":{"start":{"line":60,"column":17},"end":{"line":60,"column":null}},"line":60}},"branchMap":{"0":{"loc":{"start":{"line":39,"column":4},"end":{"line":43,"column":null}},"type":"if","locations":[{"start":{"line":39,"column":4},"end":{"line":43,"column":null}},{"start":{},"end":{}}],"line":39},"1":{"loc":{"start":{"line":39,"column":8},"end":{"line":39,"column":55}},"type":"binary-expr","locations":[{"start":{"line":39,"column":8},"end":{"line":39,"column":33}},{"start":{"line":39,"column":33},"end":{"line":39,"column":55}}],"line":39}},"s":{"0":3,"1":60,"2":8,"3":60,"4":8,"5":60,"6":60,"7":60,"8":60,"9":60,"10":60,"11":60,"12":58,"13":8,"14":58,"15":8,"16":58,"17":58,"18":58,"19":8,"20":58,"21":9,"22":58,"23":57,"24":57,"25":57,"26":1,"27":1,"28":1,"29":1,"30":1,"31":1,"32":1,"33":1,"34":1,"35":1,"36":1,"37":1,"38":1,"39":1,"40":60},"f":{"0":60,"1":8,"2":8,"3":58,"4":8,"5":8,"6":8,"7":9,"8":1,"9":1},"b":{"0":[57,1],"1":[58,58]},"meta":{"lastBranch":2,"lastFunction":10,"lastStatement":41,"seen":{"s:13:26:13:Infinity":0,"f:21:16:21:39":0,"s:22:21:22:Infinity":1,"f:22:32:22:37":1,"s:22:51:22:63":2,"s:23:30:23:Infinity":3,"f:23:49:23:54":2,"s:23:68:23:93":4,"s:24:8:24:Infinity":5,"s:25:8:25:Infinity":6,"s:26:21:26:Infinity":7,"s:27:30:27:Infinity":8,"s:28:22:28:Infinity":9,"s:29:21:29:Infinity":10,"s:31:2:61:Infinity":11,"f:31:2:31:18":3,"s:32:20:32:Infinity":12,"f:32:31:32:36":4,"s:32:50:32:62":13,"s:33:29:33:Infinity":14,"f:33:48:33:53":5,"s:33:67:33:92":15,"s:34:26:34:Infinity":16,"s:35:22:35:Infinity":17,"s:36:21:36:Infinity":18,"f:36:29:36:37":6,"s:36:44:36:66":19,"s:37:20:37:Infinity":20,"f:37:40:37:48":7,"s:37:55:37:73":21,"b:39:4:43:Infinity:undefined:undefined:undefined:undefined":0,"s:39:4:43:Infinity":22,"b:39:8:39:33:39:33:39:55":1,"s:40:6:40:Infinity":23,"s:41:6:41:Infinity":24,"s:42:6:42:Infinity":25,"s:45:31:45:Infinity":26,"s:46:4:46:Infinity":27,"s:47:4:47:Infinity":28,"s:48:4:48:Infinity":29,"s:49:4:49:Infinity":30,"s:51:20:58:Infinity":31,"f:51:27:51:44":8,"s:52:6:52:Infinity":32,"s:53:6:53:Infinity":33,"s:54:6:54:Infinity":34,"s:55:6:55:Infinity":35,"s:56:6:56:Infinity":36,"s:57:6:57:Infinity":37,"s:60:4:60:Infinity":38,"f:60:4:60:17":9,"s:60:17:60:Infinity":39,"s:63:2:63:Infinity":40},"fnNames":{}}}
,"/Users/mattbrauner/Documents/Repos/elevator-sim/frontend/src/hooks/useKeyboardControls.ts": {"path":"/Users/mattbrauner/Documents/Repos/elevator-sim/frontend/src/hooks/useKeyboardControls.ts","statementMap":{"0":{"start":{"line":29,"column":2},"end":{"line":57,"column":null}},"1":{"start":{"line":30,"column":4},"end":{"line":30,"column":null}},"2":{"start":{"line":30,"column":18},"end":{"line":30,"column":null}},"3":{"start":{"line":32,"column":10},"end":{"line":53,"column":null}},"4":{"start":{"line":33,"column":6},"end":{"line":33,"column":null}},"5":{"start":{"line":33,"column":42},"end":{"line":33,"column":null}},"6":{"start":{"line":35,"column":6},"end":{"line":40,"column":null}},"7":{"start":{"line":36,"column":8},"end":{"line":36,"column":null}},"8":{"start":{"line":37,"column":8},"end":{"line":38,"column":null}},"9":{"start":{"line":37,"column":28},"end":{"line":37,"column":null}},"10":{"start":{"line":38,"column":13},"end":{"line":38,"column":null}},"11":{"start":{"line":39,"column":8},"end":{"line":39,"column":null}},"12":{"start":{"line":42,"column":6},"end":{"line":47,"column":null}},"13":{"start":{"line":43,"column":8},"end":{"line":43,"column":null}},"14":{"start":{"line":44,"column":8},"end":{"line":45,"column":null}},"15":{"start":{"line":44,"column":28},"end":{"line":44,"column":null}},"16":{"start":{"line":45,"column":13},"end":{"line":45,"column":null}},"17":{"start":{"line":46,"column":8},"end":{"line":46,"column":null}},"18":{"start":{"line":49,"column":6},"end":{"line":52,"column":null}},"19":{"start":{"line":50,"column":8},"end":{"line":50,"column":null}},"20":{"start":{"line":51,"column":8},"end":{"line":51,"column":null}},"21":{"start":{"line":55,"column":4},"end":{"line":55,"column":null}},"22":{"start":{"line":56,"column":4},"end":{"line":56,"column":null}},"23":{"start":{"line":56,"column":17},"end":{"line":56,"column":null}},"24":{"start":{"line":61,"column":2},"end":{"line":61,"column":null}},"25":{"start":{"line":61,"column":40},"end":{"line":61,"column":null}},"26":{"start":{"line":62,"column":18},"end":{"line":62,"column":null}},"27":{"start":{"line":63,"column":2},"end":{"line":63,"column":null}}},"fnMap":{"0":{"name":"useKeyboardControls","decl":{"start":{"line":21,"column":16},"end":{"line":21,"column":36}},"loc":{"start":{"line":28,"column":27},"end":{"line":58,"column":null}},"line":28},"1":{"name":"(anonymous_1)","decl":{"start":{"line":29,"column":2},"end":{"line":29,"column":18}},"loc":{"start":{"line":29,"column":18},"end":{"line":57,"column":5}},"line":29},"2":{"name":"(anonymous_2)","decl":{"start":{"line":32,"column":10},"end":{"line":32,"column":27}},"loc":{"start":{"line":32,"column":52},"end":{"line":53,"column":null}},"line":32},"3":{"name":"(anonymous_3)","decl":{"start":{"line":56,"column":4},"end":{"line":56,"column":17}},"loc":{"start":{"line":56,"column":17},"end":{"line":56,"column":null}},"line":56},"4":{"name":"isEditableTarget","decl":{"start":{"line":60,"column":9},"end":{"line":60,"column":26}},"loc":{"start":{"line":60,"column":63},"end":{"line":64,"column":null}},"line":60}},"branchMap":{"0":{"loc":{"start":{"line":30,"column":4},"end":{"line":30,"column":null}},"type":"if","locations":[{"start":{"line":30,"column":4},"end":{"line":30,"column":null}},{"start":{},"end":{}}],"line":30},"1":{"loc":{"start":{"line":33,"column":6},"end":{"line":33,"column":null}},"type":"if","locations":[{"start":{"line":33,"column":6},"end":{"line":33,"column":null}},{"start":{},"end":{}}],"line":33},"2":{"loc":{"start":{"line":35,"column":6},"end":{"line":40,"column":null}},"type":"if","locations":[{"start":{"line":35,"column":6},"end":{"line":40,"column":null}},{"start":{},"end":{}}],"line":35},"3":{"loc":{"start":{"line":37,"column":8},"end":{"line":38,"column":null}},"type":"if","locations":[{"start":{"line":37,"column":8},"end":{"line":38,"column":null}},{"start":{"line":38,"column":13},"end":{"line":38,"column":null}}],"line":37},"4":{"loc":{"start":{"line":42,"column":6},"end":{"line":47,"column":null}},"type":"if","locations":[{"start":{"line":42,"column":6},"end":{"line":47,"column":null}},{"start":{},"end":{}}],"line":42},"5":{"loc":{"start":{"line":44,"column":8},"end":{"line":45,"column":null}},"type":"if","locations":[{"start":{"line":44,"column":8},"end":{"line":45,"column":null}},{"start":{"line":45,"column":13},"end":{"line":45,"column":null}}],"line":44},"6":{"loc":{"start":{"line":49,"column":6},"end":{"line":52,"column":null}},"type":"if","locations":[{"start":{"line":49,"column":6},"end":{"line":52,"column":null}},{"start":{},"end":{}}],"line":49},"7":{"loc":{"start":{"line":61,"column":2},"end":{"line":61,"column":null}},"type":"if","locations":[{"start":{"line":61,"column":2},"end":{"line":61,"column":null}},{"start":{},"end":{}}],"line":61},"8":{"loc":{"start":{"line":63,"column":9},"end":{"line":63,"column":null}},"type":"binary-expr","locations":[{"start":{"line":63,"column":9},"end":{"line":63,"column":32}},{"start":{"line":63,"column":32},"end":{"line":63,"column":58}},{"start":{"line":63,"column":58},"end":{"line":63,"column":82}},{"start":{"line":63,"column":82},"end":{"line":63,"column":null}}],"line":63}},"s":{"0":13,"1":11,"2":5,"3":6,"4":7,"5":1,"6":6,"7":2,"8":2,"9":1,"10":1,"11":2,"12":4,"13":2,"14":2,"15":1,"16":1,"17":2,"18":2,"19":1,"20":1,"21":6,"22":6,"23":6,"24":7,"25":6,"26":1,"27":1},"f":{"0":13,"1":11,"2":7,"3":6,"4":7},"b":{"0":[5,6],"1":[1,6],"2":[2,4],"3":[1,1],"4":[2,2],"5":[1,1],"6":[1,1],"7":[6,1],"8":[1,0,0,0]},"meta":{"lastBranch":9,"lastFunction":5,"lastStatement":28,"seen":{"f:21:16:21:36":0,"s:29:2:57:Infinity":0,"f:29:2:29:18":1,"b:30:4:30:Infinity:undefined:undefined:undefined:undefined":0,"s:30:4:30:Infinity":1,"s:30:18:30:Infinity":2,"s:32:10:53:Infinity":3,"f:32:10:32:27":2,"b:33:6:33:Infinity:undefined:undefined:undefined:undefined":1,"s:33:6:33:Infinity":4,"s:33:42:33:Infinity":5,"b:35:6:40:Infinity:undefined:undefined:undefined:undefined":2,"s:35:6:40:Infinity":6,"s:36:8:36:Infinity":7,"b:37:8:38:Infinity:38:13:38:Infinity":3,"s:37:8:38:Infinity":8,"s:37:28:37:Infinity":9,"s:38:13:38:Infinity":10,"s:39:8:39:Infinity":11,"b:42:6:47:Infinity:undefined:undefined:undefined:undefined":4,"s:42:6:47:Infinity":12,"s:43:8:43:Infinity":13,"b:44:8:45:Infinity:45:13:45:Infinity":5,"s:44:8:45:Infinity":14,"s:44:28:44:Infinity":15,"s:45:13:45:Infinity":16,"s:46:8:46:Infinity":17,"b:49:6:52:Infinity:undefined:undefined:undefined:undefined":6,"s:49:6:52:Infinity":18,"s:50:8:50:Infinity":19,"s:51:8:51:Infinity":20,"s:55:4:55:Infinity":21,"s:56:4:56:Infinity":22,"f:56:4:56:17":3,"s:56:17:56:Infinity":23,"f:60:9:60:26":4,"b:61:2:61:Infinity:undefined:undefined:undefined:undefined":7,"s:61:2:61:Infinity":24,"s:61:40:61:Infinity":25,"s:62:18:62:Infinity":26,"s:63:2:63:Infinity":27,"b:63:9:63:32:63:32:63:58:63:58:63:82:63:82:63:Infinity":8},"fnNames":{}}}
,"/Users/mattbrauner/Documents/Repos/elevator-sim/frontend/src/hooks/usePlayback.ts": {"path":"/Users/mattbrauner/Documents/Repos/elevator-sim/frontend/src/hooks/usePlayback.ts","statementMap":{"0":{"start":{"line":25,"column":15},"end":{"line":25,"column":null}},"1":{"start":{"line":26,"column":23},"end":{"line":26,"column":null}},"2":{"start":{"line":27,"column":8},"end":{"line":27,"column":null}},"3":{"start":{"line":29,"column":2},"end":{"line":31,"column":null}},"4":{"start":{"line":30,"column":4},"end":{"line":30,"column":null}},"5":{"start":{"line":33,"column":8},"end":{"line":33,"column":null}},"6":{"start":{"line":33,"column":44},"end":{"line":33,"column":67}},"7":{"start":{"line":34,"column":8},"end":{"line":34,"column":null}},"8":{"start":{"line":34,"column":34},"end":{"line":34,"column":57}},"9":{"start":{"line":36,"column":8},"end":{"line":39,"column":null}},"10":{"start":{"line":37,"column":4},"end":{"line":37,"column":null}},"11":{"start":{"line":38,"column":4},"end":{"line":38,"column":null}},"12":{"start":{"line":41,"column":8},"end":{"line":44,"column":null}},"13":{"start":{"line":42,"column":4},"end":{"line":42,"column":null}},"14":{"start":{"line":43,"column":4},"end":{"line":43,"column":null}},"15":{"start":{"line":43,"column":23},"end":{"line":43,"column":45}},"16":{"start":{"line":46,"column":8},"end":{"line":49,"column":null}},"17":{"start":{"line":47,"column":4},"end":{"line":47,"column":null}},"18":{"start":{"line":48,"column":4},"end":{"line":48,"column":null}},"19":{"start":{"line":48,"column":23},"end":{"line":48,"column":52}},"20":{"start":{"line":51,"column":8},"end":{"line":54,"column":null}},"21":{"start":{"line":52,"column":4},"end":{"line":52,"column":null}},"22":{"start":{"line":53,"column":4},"end":{"line":53,"column":null}},"23":{"start":{"line":56,"column":8},"end":{"line":61,"column":null}},"24":{"start":{"line":57,"column":4},"end":{"line":60,"column":null}},"25":{"start":{"line":58,"column":6},"end":{"line":58,"column":null}},"26":{"start":{"line":58,"column":17},"end":{"line":58,"column":null}},"27":{"start":{"line":59,"column":6},"end":{"line":59,"column":null}},"28":{"start":{"line":63,"column":8},"end":{"line":66,"column":null}},"29":{"start":{"line":64,"column":4},"end":{"line":64,"column":null}},"30":{"start":{"line":65,"column":4},"end":{"line":65,"column":null}},"31":{"start":{"line":68,"column":2},"end":{"line":84,"column":null}},"32":{"start":{"line":69,"column":4},"end":{"line":69,"column":null}},"33":{"start":{"line":69,"column":35},"end":{"line":69,"column":null}},"34":{"start":{"line":74,"column":21},"end":{"line":81,"column":null}},"35":{"start":{"line":75,"column":23},"end":{"line":75,"column":null}},"36":{"start":{"line":76,"column":6},"end":{"line":76,"column":null}},"37":{"start":{"line":77,"column":6},"end":{"line":77,"column":null}},"38":{"start":{"line":78,"column":6},"end":{"line":80,"column":null}},"39":{"start":{"line":79,"column":8},"end":{"line":79,"column":null}},"40":{"start":{"line":83,"column":4},"end":{"line":83,"column":null}},"41":{"start":{"line":83,"column":17},"end":{"line":83,"column":null}},"42":{"start":{"line":86,"column":2},"end":{"line":97,"column":null}}},"fnMap":{"0":{"name":"usePlayback","decl":{"start":{"line":24,"column":16},"end":{"line":24,"column":28}},"loc":{"start":{"line":24,"column":74},"end":{"line":98,"column":null}},"line":24},"1":{"name":"(anonymous_1)","decl":{"start":{"line":29,"column":2},"end":{"line":29,"column":18}},"loc":{"start":{"line":29,"column":18},"end":{"line":31,"column":5}},"line":29},"2":{"name":"(anonymous_2)","decl":{"start":{"line":33,"column":15},"end":{"line":33,"column":28}},"loc":{"start":{"line":33,"column":44},"end":{"line":33,"column":67}},"line":33},"3":{"name":"(anonymous_3)","decl":{"start":{"line":34,"column":16},"end":{"line":34,"column":34}},"loc":{"start":{"line":34,"column":34},"end":{"line":34,"column":57}},"line":34},"4":{"name":"(anonymous_4)","decl":{"start":{"line":36,"column":20},"end":{"line":36,"column":38}},"loc":{"start":{"line":36,"column":38},"end":{"line":39,"column":5}},"line":36},"5":{"name":"(anonymous_5)","decl":{"start":{"line":41,"column":19},"end":{"line":41,"column":37}},"loc":{"start":{"line":41,"column":37},"end":{"line":44,"column":5}},"line":41},"6":{"name":"(anonymous_6)","decl":{"start":{"line":43,"column":4},"end":{"line":43,"column":13}},"loc":{"start":{"line":43,"column":23},"end":{"line":43,"column":45}},"line":43},"7":{"name":"(anonymous_7)","decl":{"start":{"line":46,"column":22},"end":{"line":46,"column":40}},"loc":{"start":{"line":46,"column":40},"end":{"line":49,"column":5}},"line":46},"8":{"name":"(anonymous_8)","decl":{"start":{"line":48,"column":4},"end":{"line":48,"column":13}},"loc":{"start":{"line":48,"column":23},"end":{"line":48,"column":52}},"line":48},"9":{"name":"(anonymous_9)","decl":{"start":{"line":51,"column":18},"end":{"line":51,"column":36}},"loc":{"start":{"line":51,"column":36},"end":{"line":54,"column":5}},"line":51},"10":{"name":"(anonymous_10)","decl":{"start":{"line":56,"column":21},"end":{"line":56,"column":39}},"loc":{"start":{"line":56,"column":39},"end":{"line":61,"column":5}},"line":56},"11":{"name":"(anonymous_11)","decl":{"start":{"line":57,"column":4},"end":{"line":57,"column":21}},"loc":{"start":{"line":57,"column":31},"end":{"line":60,"column":5}},"line":57},"12":{"name":"(anonymous_12)","decl":{"start":{"line":63,"column":16},"end":{"line":63,"column":34}},"loc":{"start":{"line":63,"column":34},"end":{"line":66,"column":5}},"line":63},"13":{"name":"(anonymous_13)","decl":{"start":{"line":68,"column":2},"end":{"line":68,"column":18}},"loc":{"start":{"line":68,"column":18},"end":{"line":84,"column":5}},"line":68},"14":{"name":"(anonymous_14)","decl":{"start":{"line":74,"column":28},"end":{"line":74,"column":46}},"loc":{"start":{"line":74,"column":46},"end":{"line":81,"column":7}},"line":74},"15":{"name":"(anonymous_15)","decl":{"start":{"line":83,"column":4},"end":{"line":83,"column":17}},"loc":{"start":{"line":83,"column":17},"end":{"line":83,"column":null}},"line":83}},"branchMap":{"0":{"loc":{"start":{"line":58,"column":6},"end":{"line":58,"column":null}},"type":"if","locations":[{"start":{"line":58,"column":6},"end":{"line":58,"column":null}},{"start":{},"end":{}}],"line":58},"1":{"loc":{"start":{"line":59,"column":13},"end":{"line":59,"column":null}},"type":"cond-expr","locations":[{"start":{"line":59,"column":31},"end":{"line":59,"column":35}},{"start":{"line":59,"column":35},"end":{"line":59,"column":null}}],"line":59},"2":{"loc":{"start":{"line":69,"column":4},"end":{"line":69,"column":null}},"type":"if","locations":[{"start":{"line":69,"column":4},"end":{"line":69,"column":null}},{"start":{},"end":{}}],"line":69},"3":{"loc":{"start":{"line":69,"column":8},"end":{"line":69,"column":35}},"type":"binary-expr","locations":[{"start":{"line":69,"column":8},"end":{"line":69,"column":20}},{"start":{"line":69,"column":20},"end":{"line":69,"column":35}}],"line":69},"4":{"loc":{"start":{"line":78,"column":6},"end":{"line":80,"column":null}},"type":"if","locations":[{"start":{"line":78,"column":6},"end":{"line":80,"column":null}},{"start":{},"end":{}}],"line":78}},"s":{"0":37,"1":37,"2":37,"3":37,"4":24,"5":37,"6":5,"7":37,"8":0,"9":37,"10":1,"11":1,"12":37,"13":2,"14":2,"15":2,"16":37,"17":3,"18":3,"19":3,"20":37,"21":2,"22":2,"23":37,"24":3,"25":3,"26":1,"27":2,"28":37,"29":3,"30":3,"31":37,"32":25,"33":20,"34":5,"35":6,"36":6,"37":6,"38":6,"39":1,"40":5,"41":5,"42":37},"f":{"0":37,"1":24,"2":5,"3":0,"4":1,"5":2,"6":2,"7":3,"8":3,"9":2,"10":3,"11":3,"12":3,"13":25,"14":6,"15":5},"b":{"0":[1,2],"1":[1,1],"2":[20,5],"3":[25,19],"4":[1,5]},"meta":{"lastBranch":5,"lastFunction":16,"lastStatement":43,"seen":{"f:24:16:24:28":0,"s:25:15:25:Infinity":0,"s:26:23:26:Infinity":1,"s:27:8:27:Infinity":2,"s:29:2:31:Infinity":3,"f:29:2:29:18":1,"s:30:4:30:Infinity":4,"s:33:8:33:Infinity":5,"f:33:15:33:28":2,"s:33:44:33:67":6,"s:34:8:34:Infinity":7,"f:34:16:34:34":3,"s:34:34:34:57":8,"s:36:8:39:Infinity":9,"f:36:20:36:38":4,"s:37:4:37:Infinity":10,"s:38:4:38:Infinity":11,"s:41:8:44:Infinity":12,"f:41:19:41:37":5,"s:42:4:42:Infinity":13,"s:43:4:43:Infinity":14,"f:43:4:43:13":6,"s:43:23:43:45":15,"s:46:8:49:Infinity":16,"f:46:22:46:40":7,"s:47:4:47:Infinity":17,"s:48:4:48:Infinity":18,"f:48:4:48:13":8,"s:48:23:48:52":19,"s:51:8:54:Infinity":20,"f:51:18:51:36":9,"s:52:4:52:Infinity":21,"s:53:4:53:Infinity":22,"s:56:8:61:Infinity":23,"f:56:21:56:39":10,"s:57:4:60:Infinity":24,"f:57:4:57:21":11,"b:58:6:58:Infinity:undefined:undefined:undefined:undefined":0,"s:58:6:58:Infinity":25,"s:58:17:58:Infinity":26,"s:59:6:59:Infinity":27,"b:59:31:59:35:59:35:59:Infinity":1,"s:63:8:66:Infinity":28,"f:63:16:63:34":12,"s:64:4:64:Infinity":29,"s:65:4:65:Infinity":30,"s:68:2:84:Infinity":31,"f:68:2:68:18":13,"b:69:4:69:Infinity:undefined:undefined:undefined:undefined":2,"s:69:4:69:Infinity":32,"b:69:8:69:20:69:20:69:35":3,"s:69:35:69:Infinity":33,"s:74:21:81:Infinity":34,"f:74:28:74:46":14,"s:75:23:75:Infinity":35,"s:76:6:76:Infinity":36,"s:77:6:77:Infinity":37,"b:78:6:80:Infinity:undefined:undefined:undefined:undefined":4,"s:78:6:80:Infinity":38,"s:79:8:79:Infinity":39,"s:83:4:83:Infinity":40,"f:83:4:83:17":15,"s:83:17:83:Infinity":41,"s:86:2:97:Infinity":42},"fnNames":{}}}
}
